{"C:\\Users\\zw\\workspace\\monitor\\packages\\browser\\src\\core\\config.ts": {"path":"C:\\Users\\zw\\workspace\\monitor\\packages\\browser\\src\\core\\config.ts","statementMap":{"0":{"start":{"line":2,"column":22},"end":{"line":12,"column":3}},"1":{"start":{"line":3,"column":4},"end":{"line":3,"column":33}},"2":{"start":{"line":3,"column":26},"end":{"line":3,"column":33}},"3":{"start":{"line":4,"column":15},"end":{"line":4,"column":52}},"4":{"start":{"line":5,"column":4},"end":{"line":7,"column":5}},"5":{"start":{"line":6,"column":6},"end":{"line":6,"column":68}},"6":{"start":{"line":6,"column":51},"end":{"line":6,"column":63}},"7":{"start":{"line":8,"column":4},"end":{"line":8,"column":39}},"8":{"start":{"line":10,"column":4},"end":{"line":10,"column":33}},"9":{"start":{"line":10,"column":26},"end":{"line":10,"column":33}},"10":{"start":{"line":11,"column":4},"end":{"line":11,"column":17}},"11":{"start":{"line":13,"column":25},"end":{"line":17,"column":2}},"12":{"start":{"line":14,"column":4},"end":{"line":14,"column":72}},"13":{"start":{"line":16,"column":4},"end":{"line":16,"column":21}},"14":{"start":{"line":18,"column":19},"end":{"line":24,"column":1}},"15":{"start":{"line":19,"column":4},"end":{"line":19,"column":42}},"16":{"start":{"line":19,"column":31},"end":{"line":19,"column":42}},"17":{"start":{"line":20,"column":17},"end":{"line":20,"column":19}},"18":{"start":{"line":21,"column":4},"end":{"line":21,"column":141}},"19":{"start":{"line":21,"column":21},"end":{"line":21,"column":141}},"20":{"start":{"line":21,"column":40},"end":{"line":21,"column":141}},"21":{"start":{"line":21,"column":109},"end":{"line":21,"column":141}},"22":{"start":{"line":22,"column":4},"end":{"line":22,"column":36}},"23":{"start":{"line":23,"column":4},"end":{"line":23,"column":18}},"24":{"start":{"line":25,"column":0},"end":{"line":25,"column":62}},"25":{"start":{"line":26,"column":0},"end":{"line":26,"column":28}},"26":{"start":{"line":27,"column":16},"end":{"line":27,"column":51}},"27":{"start":{"line":29,"column":20},"end":{"line":29,"column":22}},"28":{"start":{"line":30,"column":23},"end":{"line":30,"column":30}},"29":{"start":{"line":31,"column":4},"end":{"line":36,"column":7}},"30":{"start":{"line":32,"column":23},"end":{"line":32,"column":38}},"31":{"start":{"line":33,"column":8},"end":{"line":35,"column":9}},"32":{"start":{"line":34,"column":12},"end":{"line":34,"column":33}},"33":{"start":{"line":37,"column":4},"end":{"line":37,"column":19}},"34":{"start":{"line":41,"column":18},"end":{"line":41,"column":20}},"35":{"start":{"line":42,"column":4},"end":{"line":44,"column":5}},"36":{"start":{"line":43,"column":8},"end":{"line":43,"column":20}},"37":{"start":{"line":45,"column":4},"end":{"line":52,"column":5}},"38":{"start":{"line":46,"column":24},"end":{"line":46,"column":26}},"39":{"start":{"line":47,"column":8},"end":{"line":50,"column":20}},"40":{"start":{"line":48,"column":12},"end":{"line":48,"column":34}},"41":{"start":{"line":49,"column":12},"end":{"line":49,"column":24}},"42":{"start":{"line":51,"column":8},"end":{"line":51,"column":25}},"43":{"start":{"line":53,"column":4},"end":{"line":55,"column":28}},"44":{"start":{"line":54,"column":23},"end":{"line":54,"column":43}},"45":{"start":{"line":55,"column":21},"end":{"line":55,"column":25}},"46":{"start":{"line":56,"column":4},"end":{"line":56,"column":17}},"47":{"start":{"line":59,"column":45},"end":{"line":59,"column":52}},"48":{"start":{"line":60,"column":27},"end":{"line":62,"column":5}},"49":{"start":{"line":63,"column":18},"end":{"line":63,"column":20}},"50":{"start":{"line":64,"column":4},"end":{"line":64,"column":121}},"51":{"start":{"line":64,"column":100},"end":{"line":64,"column":118}},"52":{"start":{"line":65,"column":4},"end":{"line":65,"column":108}},"53":{"start":{"line":65,"column":90},"end":{"line":65,"column":105}},"54":{"start":{"line":66,"column":4},"end":{"line":66,"column":154}},"55":{"start":{"line":66,"column":130},"end":{"line":66,"column":151}},"56":{"start":{"line":67,"column":4},"end":{"line":67,"column":46}},"57":{"start":{"line":68,"column":4},"end":{"line":70,"column":5}},"58":{"start":{"line":69,"column":8},"end":{"line":69,"column":29}},"59":{"start":{"line":71,"column":4},"end":{"line":71,"column":61}},"60":{"start":{"line":73,"column":0},"end":{"line":73,"column":32}}},"fnMap":{"0":{"name":"(anonymous_0)","decl":{"start":{"line":2,"column":74},"end":{"line":2,"column":75}},"loc":{"start":{"line":2,"column":96},"end":{"line":9,"column":1}},"line":2},"1":{"name":"(anonymous_1)","decl":{"start":{"line":6,"column":38},"end":{"line":6,"column":39}},"loc":{"start":{"line":6,"column":49},"end":{"line":6,"column":65}},"line":6},"2":{"name":"(anonymous_2)","decl":{"start":{"line":9,"column":6},"end":{"line":9,"column":7}},"loc":{"start":{"line":9,"column":28},"end":{"line":12,"column":1}},"line":9},"3":{"name":"(anonymous_3)","decl":{"start":{"line":13,"column":80},"end":{"line":13,"column":81}},"loc":{"start":{"line":13,"column":95},"end":{"line":15,"column":1}},"line":13},"4":{"name":"(anonymous_4)","decl":{"start":{"line":15,"column":5},"end":{"line":15,"column":6}},"loc":{"start":{"line":15,"column":20},"end":{"line":17,"column":1}},"line":15},"5":{"name":"(anonymous_5)","decl":{"start":{"line":18,"column":50},"end":{"line":18,"column":51}},"loc":{"start":{"line":18,"column":65},"end":{"line":24,"column":1}},"line":18},"6":{"name":"findPlugin","decl":{"start":{"line":28,"column":9},"end":{"line":28,"column":19}},"loc":{"start":{"line":28,"column":32},"end":{"line":38,"column":1}},"line":28},"7":{"name":"(anonymous_7)","decl":{"start":{"line":31,"column":33},"end":{"line":31,"column":34}},"loc":{"start":{"line":31,"column":40},"end":{"line":36,"column":5}},"line":31},"8":{"name":"getPluginName","decl":{"start":{"line":40,"column":9},"end":{"line":40,"column":22}},"loc":{"start":{"line":40,"column":50},"end":{"line":57,"column":1}},"line":40},"9":{"name":"(anonymous_9)","decl":{"start":{"line":47,"column":28},"end":{"line":47,"column":29}},"loc":{"start":{"line":47,"column":46},"end":{"line":50,"column":9}},"line":47},"10":{"name":"(anonymous_10)","decl":{"start":{"line":54,"column":16},"end":{"line":54,"column":17}},"loc":{"start":{"line":54,"column":23},"end":{"line":54,"column":43}},"line":54},"11":{"name":"(anonymous_11)","decl":{"start":{"line":55,"column":13},"end":{"line":55,"column":14}},"loc":{"start":{"line":55,"column":21},"end":{"line":55,"column":25}},"line":55},"12":{"name":"initConfig","decl":{"start":{"line":58,"column":9},"end":{"line":58,"column":19}},"loc":{"start":{"line":58,"column":29},"end":{"line":72,"column":1}},"line":58},"13":{"name":"(anonymous_13)","decl":{"start":{"line":64,"column":92},"end":{"line":64,"column":93}},"loc":{"start":{"line":64,"column":100},"end":{"line":64,"column":118}},"line":64},"14":{"name":"(anonymous_14)","decl":{"start":{"line":65,"column":82},"end":{"line":65,"column":83}},"loc":{"start":{"line":65,"column":90},"end":{"line":65,"column":105}},"line":65},"15":{"name":"(anonymous_15)","decl":{"start":{"line":66,"column":122},"end":{"line":66,"column":123}},"loc":{"start":{"line":66,"column":130},"end":{"line":66,"column":151}},"line":66}},"branchMap":{"0":{"loc":{"start":{"line":2,"column":22},"end":{"line":12,"column":3}},"type":"binary-expr","locations":[{"start":{"line":2,"column":23},"end":{"line":2,"column":27}},{"start":{"line":2,"column":31},"end":{"line":2,"column":51}},{"start":{"line":2,"column":57},"end":{"line":12,"column":2}}],"line":2},"1":{"loc":{"start":{"line":2,"column":57},"end":{"line":12,"column":2}},"type":"cond-expr","locations":[{"start":{"line":2,"column":74},"end":{"line":9,"column":1}},{"start":{"line":9,"column":6},"end":{"line":12,"column":1}}],"line":2},"2":{"loc":{"start":{"line":3,"column":4},"end":{"line":3,"column":33}},"type":"if","locations":[{"start":{"line":3,"column":4},"end":{"line":3,"column":33}},{"start":{},"end":{}}],"line":3},"3":{"loc":{"start":{"line":5,"column":4},"end":{"line":7,"column":5}},"type":"if","locations":[{"start":{"line":5,"column":4},"end":{"line":7,"column":5}},{"start":{},"end":{}}],"line":5},"4":{"loc":{"start":{"line":5,"column":8},"end":{"line":5,"column":85}},"type":"binary-expr","locations":[{"start":{"line":5,"column":8},"end":{"line":5,"column":13}},{"start":{"line":5,"column":18},"end":{"line":5,"column":84}}],"line":5},"5":{"loc":{"start":{"line":5,"column":18},"end":{"line":5,"column":84}},"type":"cond-expr","locations":[{"start":{"line":5,"column":34},"end":{"line":5,"column":47}},{"start":{"line":5,"column":50},"end":{"line":5,"column":84}}],"line":5},"6":{"loc":{"start":{"line":5,"column":50},"end":{"line":5,"column":84}},"type":"binary-expr","locations":[{"start":{"line":5,"column":50},"end":{"line":5,"column":63}},{"start":{"line":5,"column":67},"end":{"line":5,"column":84}}],"line":5},"7":{"loc":{"start":{"line":10,"column":4},"end":{"line":10,"column":33}},"type":"if","locations":[{"start":{"line":10,"column":4},"end":{"line":10,"column":33}},{"start":{},"end":{}}],"line":10},"8":{"loc":{"start":{"line":13,"column":25},"end":{"line":17,"column":2}},"type":"binary-expr","locations":[{"start":{"line":13,"column":26},"end":{"line":13,"column":30}},{"start":{"line":13,"column":34},"end":{"line":13,"column":57}},{"start":{"line":13,"column":63},"end":{"line":17,"column":1}}],"line":13},"9":{"loc":{"start":{"line":13,"column":63},"end":{"line":17,"column":1}},"type":"cond-expr","locations":[{"start":{"line":13,"column":80},"end":{"line":15,"column":1}},{"start":{"line":15,"column":5},"end":{"line":17,"column":1}}],"line":13},"10":{"loc":{"start":{"line":18,"column":19},"end":{"line":24,"column":1}},"type":"binary-expr","locations":[{"start":{"line":18,"column":20},"end":{"line":18,"column":24}},{"start":{"line":18,"column":28},"end":{"line":18,"column":45}},{"start":{"line":18,"column":50},"end":{"line":24,"column":1}}],"line":18},"11":{"loc":{"start":{"line":19,"column":4},"end":{"line":19,"column":42}},"type":"if","locations":[{"start":{"line":19,"column":4},"end":{"line":19,"column":42}},{"start":{},"end":{}}],"line":19},"12":{"loc":{"start":{"line":19,"column":8},"end":{"line":19,"column":29}},"type":"binary-expr","locations":[{"start":{"line":19,"column":8},"end":{"line":19,"column":11}},{"start":{"line":19,"column":15},"end":{"line":19,"column":29}}],"line":19},"13":{"loc":{"start":{"line":21,"column":4},"end":{"line":21,"column":141}},"type":"if","locations":[{"start":{"line":21,"column":4},"end":{"line":21,"column":141}},{"start":{},"end":{}}],"line":21},"14":{"loc":{"start":{"line":21,"column":40},"end":{"line":21,"column":141}},"type":"if","locations":[{"start":{"line":21,"column":40},"end":{"line":21,"column":141}},{"start":{},"end":{}}],"line":21},"15":{"loc":{"start":{"line":21,"column":44},"end":{"line":21,"column":107}},"type":"binary-expr","locations":[{"start":{"line":21,"column":44},"end":{"line":21,"column":59}},{"start":{"line":21,"column":63},"end":{"line":21,"column":107}}],"line":21},"16":{"loc":{"start":{"line":28,"column":20},"end":{"line":28,"column":30}},"type":"default-arg","locations":[{"start":{"line":28,"column":28},"end":{"line":28,"column":30}}],"line":28},"17":{"loc":{"start":{"line":33,"column":8},"end":{"line":35,"column":9}},"type":"if","locations":[{"start":{"line":33,"column":8},"end":{"line":35,"column":9}},{"start":{},"end":{}}],"line":33},"18":{"loc":{"start":{"line":40,"column":31},"end":{"line":40,"column":48}},"type":"default-arg","locations":[{"start":{"line":40,"column":46},"end":{"line":40,"column":48}}],"line":40},"19":{"loc":{"start":{"line":42,"column":4},"end":{"line":44,"column":5}},"type":"if","locations":[{"start":{"line":42,"column":4},"end":{"line":44,"column":5}},{"start":{},"end":{}}],"line":42},"20":{"loc":{"start":{"line":45,"column":4},"end":{"line":52,"column":5}},"type":"if","locations":[{"start":{"line":45,"column":4},"end":{"line":52,"column":5}},{"start":{},"end":{}}],"line":45},"21":{"loc":{"start":{"line":68,"column":4},"end":{"line":70,"column":5}},"type":"if","locations":[{"start":{"line":68,"column":4},"end":{"line":70,"column":5}},{"start":{},"end":{}}],"line":68}},"s":{"0":1,"1":0,"2":0,"3":0,"4":0,"5":0,"6":0,"7":0,"8":0,"9":0,"10":0,"11":1,"12":0,"13":0,"14":1,"15":1,"16":1,"17":0,"18":0,"19":0,"20":0,"21":0,"22":0,"23":0,"24":1,"25":1,"26":1,"27":2,"28":2,"29":2,"30":34,"31":34,"32":19,"33":2,"34":6,"35":6,"36":1,"37":6,"38":3,"39":3,"40":16,"41":16,"42":3,"43":6,"44":19,"45":19,"46":6,"47":2,"48":2,"49":2,"50":2,"51":6,"52":2,"53":6,"54":2,"55":7,"56":2,"57":2,"58":2,"59":2,"60":1},"f":{"0":0,"1":0,"2":0,"3":0,"4":0,"5":1,"6":2,"7":34,"8":6,"9":16,"10":19,"11":19,"12":2,"13":6,"14":6,"15":7},"b":{"0":[1,1,1],"1":[1,0],"2":[0,0],"3":[0,0],"4":[0,0],"5":[0,0],"6":[0,0],"7":[0,0],"8":[1,1,1],"9":[1,0],"10":[1,1,1],"11":[1,0],"12":[1,1],"13":[0,0],"14":[0,0],"15":[0,0],"16":[0],"17":[19,15],"18":[0],"19":[1,5],"20":[3,3],"21":[2,0]},"_coverageSchema":"1a1c01bbd47fc00a2c39e90264f33305004495a9","hash":"25008dcaad28f2b0774342a9c22386f1a4bb3bdd"}
,"C:\\Users\\zw\\workspace\\monitor\\packages\\browser\\src\\core\\error.ts": {"path":"C:\\Users\\zw\\workspace\\monitor\\packages\\browser\\src\\core\\error.ts","statementMap":{"0":{"start":{"line":2,"column":0},"end":{"line":2,"column":62}},"1":{"start":{"line":3,"column":0},"end":{"line":3,"column":30}},"2":{"start":{"line":4,"column":15},"end":{"line":4,"column":39}},"3":{"start":{"line":5,"column":16},"end":{"line":5,"column":35}},"4":{"start":{"line":11,"column":8},"end":{"line":29,"column":9}},"5":{"start":{"line":12,"column":12},"end":{"line":12,"column":30}},"6":{"start":{"line":13,"column":12},"end":{"line":13,"column":95}},"7":{"start":{"line":16,"column":12},"end":{"line":28,"column":13}},"8":{"start":{"line":18,"column":20},"end":{"line":18,"column":149}},"9":{"start":{"line":19,"column":20},"end":{"line":19,"column":26}},"10":{"start":{"line":23,"column":20},"end":{"line":23,"column":38}},"11":{"start":{"line":24,"column":20},"end":{"line":24,"column":137}},"12":{"start":{"line":25,"column":20},"end":{"line":25,"column":26}},"13":{"start":{"line":27,"column":20},"end":{"line":27,"column":73}},"14":{"start":{"line":30,"column":8},"end":{"line":30,"column":34}},"15":{"start":{"line":31,"column":8},"end":{"line":33,"column":9}},"16":{"start":{"line":32,"column":12},"end":{"line":32,"column":25}},"17":{"start":{"line":34,"column":8},"end":{"line":34,"column":37}},"18":{"start":{"line":35,"column":8},"end":{"line":35,"column":18}},"19":{"start":{"line":38,"column":0},"end":{"line":38,"column":36}}},"fnMap":{"0":{"name":"(anonymous_0)","decl":{"start":{"line":7,"column":4},"end":{"line":7,"column":5}},"loc":{"start":{"line":7,"column":27},"end":{"line":36,"column":5}},"line":7}},"branchMap":{"0":{"loc":{"start":{"line":11,"column":8},"end":{"line":29,"column":9}},"type":"if","locations":[{"start":{"line":11,"column":8},"end":{"line":29,"column":9}},{"start":{"line":15,"column":13},"end":{"line":29,"column":9}}],"line":11},"1":{"loc":{"start":{"line":16,"column":12},"end":{"line":28,"column":13}},"type":"switch","locations":[{"start":{"line":17,"column":16},"end":{"line":19,"column":26}},{"start":{"line":20,"column":16},"end":{"line":20,"column":43}},{"start":{"line":21,"column":16},"end":{"line":21,"column":43}},{"start":{"line":22,"column":16},"end":{"line":25,"column":26}},{"start":{"line":26,"column":16},"end":{"line":27,"column":73}}],"line":16},"2":{"loc":{"start":{"line":18,"column":41},"end":{"line":18,"column":112}},"type":"cond-expr","locations":[{"start":{"line":18,"column":90},"end":{"line":18,"column":96}},{"start":{"line":18,"column":99},"end":{"line":18,"column":112}}],"line":18},"3":{"loc":{"start":{"line":18,"column":41},"end":{"line":18,"column":87}},"type":"binary-expr","locations":[{"start":{"line":18,"column":41},"end":{"line":18,"column":70}},{"start":{"line":18,"column":74},"end":{"line":18,"column":87}}],"line":18},"4":{"loc":{"start":{"line":24,"column":94},"end":{"line":24,"column":135}},"type":"cond-expr","locations":[{"start":{"line":24,"column":109},"end":{"line":24,"column":130}},{"start":{"line":24,"column":133},"end":{"line":24,"column":135}}],"line":24},"5":{"loc":{"start":{"line":31,"column":8},"end":{"line":33,"column":9}},"type":"if","locations":[{"start":{"line":31,"column":8},"end":{"line":33,"column":9}},{"start":{},"end":{}}],"line":31}},"s":{"0":1,"1":1,"2":1,"3":1,"4":5,"5":3,"6":3,"7":2,"8":1,"9":1,"10":1,"11":1,"12":1,"13":0,"14":5,"15":5,"16":2,"17":3,"18":3,"19":1},"f":{"0":5},"b":{"0":[3,2],"1":[1,0,1,1,0],"2":[0,1],"3":[1,1],"4":[1,0],"5":[2,3]},"_coverageSchema":"1a1c01bbd47fc00a2c39e90264f33305004495a9","hash":"a4b0c0b183c570408f284175876d4830b5063aa7"}
,"C:\\Users\\zw\\workspace\\monitor\\packages\\browser\\src\\core\\sender.ts": {"path":"C:\\Users\\zw\\workspace\\monitor\\packages\\browser\\src\\core\\sender.ts","statementMap":{"0":{"start":{"line":2,"column":0},"end":{"line":2,"column":62}},"1":{"start":{"line":3,"column":0},"end":{"line":3,"column":61}},"2":{"start":{"line":4,"column":16},"end":{"line":4,"column":41}},"3":{"start":{"line":5,"column":15},"end":{"line":5,"column":39}},"4":{"start":{"line":6,"column":15},"end":{"line":6,"column":45}},"5":{"start":{"line":8,"column":24},"end":{"line":16,"column":5}},"6":{"start":{"line":9,"column":31},"end":{"line":14,"column":9}},"7":{"start":{"line":15,"column":8},"end":{"line":15,"column":57}},"8":{"start":{"line":17,"column":4},"end":{"line":17,"column":59}},"9":{"start":{"line":19,"column":0},"end":{"line":19,"column":46}},"10":{"start":{"line":21,"column":24},"end":{"line":38,"column":5}},"11":{"start":{"line":22,"column":8},"end":{"line":37,"column":11}},"12":{"start":{"line":23,"column":24},"end":{"line":23,"column":44}},"13":{"start":{"line":24,"column":12},"end":{"line":24,"column":42}},"14":{"start":{"line":25,"column":12},"end":{"line":29,"column":13}},"15":{"start":{"line":26,"column":16},"end":{"line":28,"column":17}},"16":{"start":{"line":27,"column":20},"end":{"line":27,"column":78}},"17":{"start":{"line":30,"column":12},"end":{"line":30,"column":50}},"18":{"start":{"line":31,"column":12},"end":{"line":35,"column":15}},"19":{"start":{"line":32,"column":16},"end":{"line":34,"column":17}},"20":{"start":{"line":33,"column":20},"end":{"line":33,"column":42}},"21":{"start":{"line":36,"column":12},"end":{"line":36,"column":39}},"22":{"start":{"line":39,"column":4},"end":{"line":39,"column":59}},"23":{"start":{"line":41,"column":0},"end":{"line":41,"column":42}}},"fnMap":{"0":{"name":"createFetchSender","decl":{"start":{"line":7,"column":9},"end":{"line":7,"column":26}},"loc":{"start":{"line":7,"column":36},"end":{"line":18,"column":1}},"line":7},"1":{"name":"(anonymous_1)","decl":{"start":{"line":8,"column":24},"end":{"line":8,"column":25}},"loc":{"start":{"line":8,"column":47},"end":{"line":16,"column":5}},"line":8},"2":{"name":"createXHRSender","decl":{"start":{"line":20,"column":9},"end":{"line":20,"column":24}},"loc":{"start":{"line":20,"column":34},"end":{"line":40,"column":1}},"line":20},"3":{"name":"(anonymous_3)","decl":{"start":{"line":21,"column":24},"end":{"line":21,"column":25}},"loc":{"start":{"line":21,"column":47},"end":{"line":38,"column":5}},"line":21},"4":{"name":"(anonymous_4)","decl":{"start":{"line":22,"column":27},"end":{"line":22,"column":28}},"loc":{"start":{"line":22,"column":48},"end":{"line":37,"column":9}},"line":22},"5":{"name":"(anonymous_5)","decl":{"start":{"line":31,"column":53},"end":{"line":31,"column":54}},"loc":{"start":{"line":31,"column":65},"end":{"line":35,"column":13}},"line":31}},"branchMap":{"0":{"loc":{"start":{"line":26,"column":16},"end":{"line":28,"column":17}},"type":"if","locations":[{"start":{"line":26,"column":16},"end":{"line":28,"column":17}},{"start":{},"end":{}}],"line":26},"1":{"loc":{"start":{"line":32,"column":16},"end":{"line":34,"column":17}},"type":"if","locations":[{"start":{"line":32,"column":16},"end":{"line":34,"column":17}},{"start":{},"end":{}}],"line":32}},"s":{"0":1,"1":1,"2":1,"3":1,"4":1,"5":1,"6":1,"7":1,"8":1,"9":1,"10":0,"11":0,"12":0,"13":0,"14":0,"15":0,"16":0,"17":0,"18":0,"19":0,"20":0,"21":0,"22":0,"23":1},"f":{"0":1,"1":1,"2":0,"3":0,"4":0,"5":0},"b":{"0":[0,0],"1":[0,0]},"_coverageSchema":"1a1c01bbd47fc00a2c39e90264f33305004495a9","hash":"ca80c787bb20b51aa052b4c44a6fc2f933284132"}
,"C:\\Users\\zw\\workspace\\monitor\\packages\\browser\\src\\plugins\\index.ts": {"path":"C:\\Users\\zw\\workspace\\monitor\\packages\\browser\\src\\plugins\\index.ts","statementMap":{"0":{"start":{"line":2,"column":22},"end":{"line":12,"column":3}},"1":{"start":{"line":3,"column":4},"end":{"line":3,"column":33}},"2":{"start":{"line":3,"column":26},"end":{"line":3,"column":33}},"3":{"start":{"line":4,"column":15},"end":{"line":4,"column":52}},"4":{"start":{"line":5,"column":4},"end":{"line":7,"column":5}},"5":{"start":{"line":6,"column":6},"end":{"line":6,"column":68}},"6":{"start":{"line":6,"column":51},"end":{"line":6,"column":63}},"7":{"start":{"line":8,"column":4},"end":{"line":8,"column":39}},"8":{"start":{"line":10,"column":4},"end":{"line":10,"column":33}},"9":{"start":{"line":10,"column":26},"end":{"line":10,"column":33}},"10":{"start":{"line":11,"column":4},"end":{"line":11,"column":17}},"11":{"start":{"line":13,"column":19},"end":{"line":15,"column":1}},"12":{"start":{"line":14,"column":4},"end":{"line":14,"column":126}},"13":{"start":{"line":14,"column":21},"end":{"line":14,"column":126}},"14":{"start":{"line":14,"column":95},"end":{"line":14,"column":126}},"15":{"start":{"line":16,"column":0},"end":{"line":16,"column":62}},"16":{"start":{"line":17,"column":0},"end":{"line":17,"column":45}},"17":{"start":{"line":18,"column":0},"end":{"line":18,"column":47}},"18":{"start":{"line":19,"column":0},"end":{"line":19,"column":42}},"19":{"start":{"line":20,"column":0},"end":{"line":20,"column":48}}},"fnMap":{"0":{"name":"(anonymous_0)","decl":{"start":{"line":2,"column":74},"end":{"line":2,"column":75}},"loc":{"start":{"line":2,"column":96},"end":{"line":9,"column":1}},"line":2},"1":{"name":"(anonymous_1)","decl":{"start":{"line":6,"column":38},"end":{"line":6,"column":39}},"loc":{"start":{"line":6,"column":49},"end":{"line":6,"column":65}},"line":6},"2":{"name":"(anonymous_2)","decl":{"start":{"line":9,"column":6},"end":{"line":9,"column":7}},"loc":{"start":{"line":9,"column":28},"end":{"line":12,"column":1}},"line":9},"3":{"name":"(anonymous_3)","decl":{"start":{"line":13,"column":50},"end":{"line":13,"column":51}},"loc":{"start":{"line":13,"column":71},"end":{"line":15,"column":1}},"line":13}},"branchMap":{"0":{"loc":{"start":{"line":2,"column":22},"end":{"line":12,"column":3}},"type":"binary-expr","locations":[{"start":{"line":2,"column":23},"end":{"line":2,"column":27}},{"start":{"line":2,"column":31},"end":{"line":2,"column":51}},{"start":{"line":2,"column":57},"end":{"line":12,"column":2}}],"line":2},"1":{"loc":{"start":{"line":2,"column":57},"end":{"line":12,"column":2}},"type":"cond-expr","locations":[{"start":{"line":2,"column":74},"end":{"line":9,"column":1}},{"start":{"line":9,"column":6},"end":{"line":12,"column":1}}],"line":2},"2":{"loc":{"start":{"line":3,"column":4},"end":{"line":3,"column":33}},"type":"if","locations":[{"start":{"line":3,"column":4},"end":{"line":3,"column":33}},{"start":{},"end":{}}],"line":3},"3":{"loc":{"start":{"line":5,"column":4},"end":{"line":7,"column":5}},"type":"if","locations":[{"start":{"line":5,"column":4},"end":{"line":7,"column":5}},{"start":{},"end":{}}],"line":5},"4":{"loc":{"start":{"line":5,"column":8},"end":{"line":5,"column":85}},"type":"binary-expr","locations":[{"start":{"line":5,"column":8},"end":{"line":5,"column":13}},{"start":{"line":5,"column":18},"end":{"line":5,"column":84}}],"line":5},"5":{"loc":{"start":{"line":5,"column":18},"end":{"line":5,"column":84}},"type":"cond-expr","locations":[{"start":{"line":5,"column":34},"end":{"line":5,"column":47}},{"start":{"line":5,"column":50},"end":{"line":5,"column":84}}],"line":5},"6":{"loc":{"start":{"line":5,"column":50},"end":{"line":5,"column":84}},"type":"binary-expr","locations":[{"start":{"line":5,"column":50},"end":{"line":5,"column":63}},{"start":{"line":5,"column":67},"end":{"line":5,"column":84}}],"line":5},"7":{"loc":{"start":{"line":10,"column":4},"end":{"line":10,"column":33}},"type":"if","locations":[{"start":{"line":10,"column":4},"end":{"line":10,"column":33}},{"start":{},"end":{}}],"line":10},"8":{"loc":{"start":{"line":13,"column":19},"end":{"line":15,"column":1}},"type":"binary-expr","locations":[{"start":{"line":13,"column":20},"end":{"line":13,"column":24}},{"start":{"line":13,"column":28},"end":{"line":13,"column":45}},{"start":{"line":13,"column":50},"end":{"line":15,"column":1}}],"line":13},"9":{"loc":{"start":{"line":14,"column":21},"end":{"line":14,"column":126}},"type":"if","locations":[{"start":{"line":14,"column":21},"end":{"line":14,"column":126}},{"start":{},"end":{}}],"line":14},"10":{"loc":{"start":{"line":14,"column":25},"end":{"line":14,"column":93}},"type":"binary-expr","locations":[{"start":{"line":14,"column":25},"end":{"line":14,"column":40}},{"start":{"line":14,"column":44},"end":{"line":14,"column":93}}],"line":14}},"s":{"0":1,"1":17,"2":17,"3":17,"4":17,"5":17,"6":36,"7":17,"8":0,"9":0,"10":0,"11":1,"12":4,"13":17,"14":17,"15":1,"16":1,"17":1,"18":1,"19":1},"f":{"0":17,"1":36,"2":0,"3":4},"b":{"0":[1,1,1],"1":[1,0],"2":[17,0],"3":[17,0],"4":[17,17],"5":[0,17],"6":[17,0],"7":[0,0],"8":[1,1,1],"9":[17,0],"10":[17,17]},"_coverageSchema":"1a1c01bbd47fc00a2c39e90264f33305004495a9","hash":"4b57776e43f9714f3037d429e18a5b1734f810bc"}
,"C:\\Users\\zw\\workspace\\monitor\\packages\\browser\\src\\plugins\\behavior\\index.ts": {"path":"C:\\Users\\zw\\workspace\\monitor\\packages\\browser\\src\\plugins\\behavior\\index.ts","statementMap":{"0":{"start":{"line":2,"column":0},"end":{"line":2,"column":62}},"1":{"start":{"line":3,"column":0},"end":{"line":3,"column":129}},"2":{"start":{"line":4,"column":16},"end":{"line":4,"column":41}},"3":{"start":{"line":5,"column":16},"end":{"line":5,"column":38}},"4":{"start":{"line":6,"column":0},"end":{"line":25,"column":2}},"5":{"start":{"line":9,"column":24},"end":{"line":20,"column":9}},"6":{"start":{"line":10,"column":36},"end":{"line":18,"column":13}},"7":{"start":{"line":19,"column":12},"end":{"line":19,"column":41}},"8":{"start":{"line":21,"column":8},"end":{"line":21,"column":42}},"9":{"start":{"line":22,"column":8},"end":{"line":22,"column":40}},"10":{"start":{"line":23,"column":8},"end":{"line":23,"column":43}},"11":{"start":{"line":26,"column":0},"end":{"line":40,"column":2}},"12":{"start":{"line":29,"column":24},"end":{"line":36,"column":9}},"13":{"start":{"line":30,"column":36},"end":{"line":34,"column":13}},"14":{"start":{"line":35,"column":12},"end":{"line":35,"column":41}},"15":{"start":{"line":37,"column":8},"end":{"line":37,"column":41}},"16":{"start":{"line":38,"column":8},"end":{"line":38,"column":47}},"17":{"start":{"line":41,"column":0},"end":{"line":63,"column":2}},"18":{"start":{"line":44,"column":24},"end":{"line":59,"column":9}},"19":{"start":{"line":45,"column":36},"end":{"line":57,"column":13}},"20":{"start":{"line":58,"column":12},"end":{"line":58,"column":41}},"21":{"start":{"line":60,"column":8},"end":{"line":60,"column":43}},"22":{"start":{"line":61,"column":8},"end":{"line":61,"column":40}},"23":{"start":{"line":64,"column":0},"end":{"line":91,"column":2}},"24":{"start":{"line":67,"column":24},"end":{"line":88,"column":9}},"25":{"start":{"line":68,"column":28},"end":{"line":68,"column":52}},"26":{"start":{"line":69,"column":12},"end":{"line":71,"column":13}},"27":{"start":{"line":70,"column":16},"end":{"line":70,"column":23}},"28":{"start":{"line":72,"column":34},"end":{"line":72,"column":64}},"29":{"start":{"line":73,"column":36},"end":{"line":86,"column":13}},"30":{"start":{"line":87,"column":12},"end":{"line":87,"column":41}},"31":{"start":{"line":89,"column":8},"end":{"line":89,"column":44}},"32":{"start":{"line":92,"column":18},"end":{"line":92,"column":20}},"33":{"start":{"line":93,"column":0},"end":{"line":133,"column":2}},"34":{"start":{"line":96,"column":24},"end":{"line":106,"column":9}},"35":{"start":{"line":97,"column":25},"end":{"line":97,"column":35}},"36":{"start":{"line":98,"column":12},"end":{"line":98,"column":59}},"37":{"start":{"line":99,"column":12},"end":{"line":99,"column":104}},"38":{"start":{"line":100,"column":12},"end":{"line":105,"column":16}},"39":{"start":{"line":107,"column":8},"end":{"line":107,"column":40}},"40":{"start":{"line":108,"column":8},"end":{"line":108,"column":43}},"41":{"start":{"line":109,"column":8},"end":{"line":118,"column":11}},"42":{"start":{"line":110,"column":12},"end":{"line":117,"column":16}},"43":{"start":{"line":119,"column":8},"end":{"line":131,"column":11}},"44":{"start":{"line":120,"column":25},"end":{"line":120,"column":35}},"45":{"start":{"line":121,"column":12},"end":{"line":121,"column":59}},"46":{"start":{"line":122,"column":12},"end":{"line":122,"column":104}},"47":{"start":{"line":123,"column":36},"end":{"line":129,"column":13}},"48":{"start":{"line":130,"column":12},"end":{"line":130,"column":41}}},"fnMap":{"0":{"name":"(anonymous_0)","decl":{"start":{"line":8,"column":12},"end":{"line":8,"column":13}},"loc":{"start":{"line":8,"column":27},"end":{"line":24,"column":5}},"line":8},"1":{"name":"(anonymous_1)","decl":{"start":{"line":9,"column":24},"end":{"line":9,"column":25}},"loc":{"start":{"line":9,"column":36},"end":{"line":20,"column":9}},"line":9},"2":{"name":"(anonymous_2)","decl":{"start":{"line":28,"column":12},"end":{"line":28,"column":13}},"loc":{"start":{"line":28,"column":27},"end":{"line":39,"column":5}},"line":28},"3":{"name":"(anonymous_3)","decl":{"start":{"line":29,"column":24},"end":{"line":29,"column":25}},"loc":{"start":{"line":29,"column":47},"end":{"line":36,"column":9}},"line":29},"4":{"name":"(anonymous_4)","decl":{"start":{"line":43,"column":12},"end":{"line":43,"column":13}},"loc":{"start":{"line":43,"column":27},"end":{"line":62,"column":5}},"line":43},"5":{"name":"(anonymous_5)","decl":{"start":{"line":44,"column":24},"end":{"line":44,"column":25}},"loc":{"start":{"line":44,"column":37},"end":{"line":59,"column":9}},"line":44},"6":{"name":"(anonymous_6)","decl":{"start":{"line":66,"column":12},"end":{"line":66,"column":13}},"loc":{"start":{"line":66,"column":27},"end":{"line":90,"column":5}},"line":66},"7":{"name":"(anonymous_7)","decl":{"start":{"line":67,"column":24},"end":{"line":67,"column":25}},"loc":{"start":{"line":67,"column":37},"end":{"line":88,"column":9}},"line":67},"8":{"name":"(anonymous_8)","decl":{"start":{"line":95,"column":12},"end":{"line":95,"column":13}},"loc":{"start":{"line":95,"column":27},"end":{"line":132,"column":5}},"line":95},"9":{"name":"(anonymous_9)","decl":{"start":{"line":96,"column":24},"end":{"line":96,"column":25}},"loc":{"start":{"line":96,"column":36},"end":{"line":106,"column":9}},"line":96},"10":{"name":"(anonymous_10)","decl":{"start":{"line":109,"column":49},"end":{"line":109,"column":50}},"loc":{"start":{"line":109,"column":55},"end":{"line":118,"column":9}},"line":109},"11":{"name":"(anonymous_11)","decl":{"start":{"line":119,"column":51},"end":{"line":119,"column":52}},"loc":{"start":{"line":119,"column":57},"end":{"line":131,"column":9}},"line":119}},"branchMap":{"0":{"loc":{"start":{"line":68,"column":28},"end":{"line":68,"column":52}},"type":"binary-expr","locations":[{"start":{"line":68,"column":28},"end":{"line":68,"column":36}},{"start":{"line":68,"column":40},"end":{"line":68,"column":52}}],"line":68},"1":{"loc":{"start":{"line":69,"column":12},"end":{"line":71,"column":13}},"type":"if","locations":[{"start":{"line":69,"column":12},"end":{"line":71,"column":13}},{"start":{},"end":{}}],"line":69}},"s":{"0":1,"1":1,"2":1,"3":1,"4":1,"5":0,"6":0,"7":0,"8":0,"9":0,"10":0,"11":1,"12":0,"13":0,"14":0,"15":0,"16":0,"17":1,"18":0,"19":0,"20":0,"21":0,"22":0,"23":1,"24":0,"25":0,"26":0,"27":0,"28":0,"29":0,"30":0,"31":0,"32":1,"33":1,"34":0,"35":0,"36":0,"37":0,"38":0,"39":0,"40":0,"41":0,"42":0,"43":0,"44":0,"45":0,"46":0,"47":0,"48":0},"f":{"0":0,"1":0,"2":0,"3":0,"4":0,"5":0,"6":0,"7":0,"8":0,"9":0,"10":0,"11":0},"b":{"0":[0,0],"1":[0,0]},"_coverageSchema":"1a1c01bbd47fc00a2c39e90264f33305004495a9","hash":"98f67d9484b7d2ba2d3da81154d7cb70e8df5434"}
,"C:\\Users\\zw\\workspace\\monitor\\packages\\browser\\src\\plugins\\breadcrumb\\index.ts": {"path":"C:\\Users\\zw\\workspace\\monitor\\packages\\browser\\src\\plugins\\breadcrumb\\index.ts","statementMap":{"0":{"start":{"line":2,"column":0},"end":{"line":2,"column":62}},"1":{"start":{"line":3,"column":0},"end":{"line":3,"column":34}},"2":{"start":{"line":4,"column":16},"end":{"line":4,"column":38}},"3":{"start":{"line":7,"column":4},"end":{"line":7,"column":19}},"4":{"start":{"line":9,"column":4},"end":{"line":9,"column":19}},"5":{"start":{"line":11,"column":4},"end":{"line":11,"column":18}},"6":{"start":{"line":16,"column":20},"end":{"line":22,"column":5}},"7":{"start":{"line":17,"column":27},"end":{"line":20,"column":9}},"8":{"start":{"line":21,"column":8},"end":{"line":21,"column":38}},"9":{"start":{"line":23,"column":4},"end":{"line":23,"column":36}},"10":{"start":{"line":24,"column":4},"end":{"line":24,"column":39}},"11":{"start":{"line":27,"column":20},"end":{"line":37,"column":5}},"12":{"start":{"line":28,"column":24},"end":{"line":28,"column":48}},"13":{"start":{"line":29,"column":8},"end":{"line":31,"column":9}},"14":{"start":{"line":30,"column":12},"end":{"line":30,"column":19}},"15":{"start":{"line":32,"column":27},"end":{"line":35,"column":9}},"16":{"start":{"line":36,"column":8},"end":{"line":36,"column":38}},"17":{"start":{"line":38,"column":4},"end":{"line":38,"column":40}},"18":{"start":{"line":41,"column":20},"end":{"line":54,"column":5}},"19":{"start":{"line":42,"column":27},"end":{"line":52,"column":9}},"20":{"start":{"line":53,"column":8},"end":{"line":53,"column":38}},"21":{"start":{"line":55,"column":4},"end":{"line":55,"column":37}},"22":{"start":{"line":56,"column":4},"end":{"line":56,"column":43}},"23":{"start":{"line":58,"column":0},"end":{"line":61,"column":2}}},"fnMap":{"0":{"name":"init","decl":{"start":{"line":5,"column":9},"end":{"line":5,"column":13}},"loc":{"start":{"line":5,"column":19},"end":{"line":13,"column":1}},"line":5},"1":{"name":"initRoute","decl":{"start":{"line":14,"column":9},"end":{"line":14,"column":18}},"loc":{"start":{"line":14,"column":24},"end":{"line":25,"column":1}},"line":14},"2":{"name":"(anonymous_2)","decl":{"start":{"line":16,"column":20},"end":{"line":16,"column":21}},"loc":{"start":{"line":16,"column":36},"end":{"line":22,"column":5}},"line":16},"3":{"name":"initClick","decl":{"start":{"line":26,"column":9},"end":{"line":26,"column":18}},"loc":{"start":{"line":26,"column":24},"end":{"line":39,"column":1}},"line":26},"4":{"name":"(anonymous_4)","decl":{"start":{"line":27,"column":20},"end":{"line":27,"column":21}},"loc":{"start":{"line":27,"column":33},"end":{"line":37,"column":5}},"line":27},"5":{"name":"initAjax","decl":{"start":{"line":40,"column":9},"end":{"line":40,"column":17}},"loc":{"start":{"line":40,"column":23},"end":{"line":57,"column":1}},"line":40},"6":{"name":"(anonymous_6)","decl":{"start":{"line":41,"column":20},"end":{"line":41,"column":21}},"loc":{"start":{"line":41,"column":39},"end":{"line":54,"column":5}},"line":41}},"branchMap":{"0":{"loc":{"start":{"line":28,"column":24},"end":{"line":28,"column":48}},"type":"binary-expr","locations":[{"start":{"line":28,"column":24},"end":{"line":28,"column":32}},{"start":{"line":28,"column":36},"end":{"line":28,"column":48}}],"line":28},"1":{"loc":{"start":{"line":29,"column":8},"end":{"line":31,"column":9}},"type":"if","locations":[{"start":{"line":29,"column":8},"end":{"line":31,"column":9}},{"start":{},"end":{}}],"line":29},"2":{"loc":{"start":{"line":43,"column":22},"end":{"line":43,"column":71}},"type":"cond-expr","locations":[{"start":{"line":43,"column":44},"end":{"line":43,"column":63}},{"start":{"line":43,"column":66},"end":{"line":43,"column":71}}],"line":43},"3":{"loc":{"start":{"line":44,"column":21},"end":{"line":44,"column":63}},"type":"cond-expr","locations":[{"start":{"line":44,"column":37},"end":{"line":44,"column":58}},{"start":{"line":44,"column":61},"end":{"line":44,"column":63}}],"line":44}},"s":{"0":1,"1":1,"2":1,"3":0,"4":0,"5":0,"6":0,"7":0,"8":0,"9":0,"10":0,"11":0,"12":0,"13":0,"14":0,"15":0,"16":0,"17":0,"18":0,"19":0,"20":0,"21":0,"22":0,"23":1},"f":{"0":0,"1":0,"2":0,"3":0,"4":0,"5":0,"6":0},"b":{"0":[0,0],"1":[0,0],"2":[0,0],"3":[0,0]},"_coverageSchema":"1a1c01bbd47fc00a2c39e90264f33305004495a9","hash":"8768ea22dda63ea62688cf54e90ccde5d53c0435"}
,"C:\\Users\\zw\\workspace\\monitor\\packages\\browser\\src\\plugins\\error\\index.ts": {"path":"C:\\Users\\zw\\workspace\\monitor\\packages\\browser\\src\\plugins\\error\\index.ts","statementMap":{"0":{"start":{"line":2,"column":0},"end":{"line":2,"column":62}},"1":{"start":{"line":3,"column":0},"end":{"line":3,"column":116}},"2":{"start":{"line":4,"column":16},"end":{"line":4,"column":38}},"3":{"start":{"line":5,"column":16},"end":{"line":5,"column":38}},"4":{"start":{"line":6,"column":0},"end":{"line":18,"column":2}},"5":{"start":{"line":9,"column":30},"end":{"line":14,"column":9}},"6":{"start":{"line":10,"column":31},"end":{"line":10,"column":38}},"7":{"start":{"line":11,"column":12},"end":{"line":13,"column":13}},"8":{"start":{"line":12,"column":16},"end":{"line":12,"column":37}},"9":{"start":{"line":15,"column":8},"end":{"line":15,"column":53}},"10":{"start":{"line":16,"column":8},"end":{"line":16,"column":47}},"11":{"start":{"line":20,"column":20},"end":{"line":25,"column":1}},"12":{"start":{"line":21,"column":22},"end":{"line":21,"column":49}},"13":{"start":{"line":22,"column":4},"end":{"line":23,"column":37}},"14":{"start":{"line":23,"column":8},"end":{"line":23,"column":37}},"15":{"start":{"line":24,"column":4},"end":{"line":24,"column":93}},"16":{"start":{"line":26,"column":0},"end":{"line":52,"column":2}},"17":{"start":{"line":29,"column":8},"end":{"line":50,"column":17}},"18":{"start":{"line":30,"column":12},"end":{"line":49,"column":13}},"19":{"start":{"line":31,"column":16},"end":{"line":31,"column":35}},"20":{"start":{"line":33,"column":16},"end":{"line":35,"column":17}},"21":{"start":{"line":34,"column":20},"end":{"line":34,"column":27}},"22":{"start":{"line":36,"column":49},"end":{"line":36,"column":50}},"23":{"start":{"line":37,"column":32},"end":{"line":47,"column":17}},"24":{"start":{"line":48,"column":16},"end":{"line":48,"column":37}},"25":{"start":{"line":53,"column":0},"end":{"line":72,"column":2}},"26":{"start":{"line":56,"column":40},"end":{"line":56,"column":76}},"27":{"start":{"line":57,"column":8},"end":{"line":70,"column":10}},"28":{"start":{"line":59,"column":28},"end":{"line":65,"column":13}},"29":{"start":{"line":66,"column":12},"end":{"line":66,"column":33}},"30":{"start":{"line":67,"column":12},"end":{"line":69,"column":13}},"31":{"start":{"line":68,"column":16},"end":{"line":68,"column":54}},"32":{"start":{"line":73,"column":0},"end":{"line":107,"column":2}},"33":{"start":{"line":76,"column":8},"end":{"line":78,"column":9}},"34":{"start":{"line":77,"column":12},"end":{"line":77,"column":19}},"35":{"start":{"line":79,"column":8},"end":{"line":105,"column":17}},"36":{"start":{"line":80,"column":12},"end":{"line":80,"column":31}},"37":{"start":{"line":81,"column":27},"end":{"line":81,"column":35}},"38":{"start":{"line":82,"column":12},"end":{"line":104,"column":13}},"39":{"start":{"line":83,"column":26},"end":{"line":83,"column":28}},"40":{"start":{"line":84,"column":16},"end":{"line":93,"column":17}},"41":{"start":{"line":87,"column":20},"end":{"line":87,"column":38}},"42":{"start":{"line":92,"column":20},"end":{"line":92,"column":58}},"43":{"start":{"line":94,"column":32},"end":{"line":102,"column":17}},"44":{"start":{"line":103,"column":16},"end":{"line":103,"column":37}}},"fnMap":{"0":{"name":"(anonymous_0)","decl":{"start":{"line":8,"column":12},"end":{"line":8,"column":13}},"loc":{"start":{"line":8,"column":27},"end":{"line":17,"column":5}},"line":8},"1":{"name":"(anonymous_1)","decl":{"start":{"line":9,"column":30},"end":{"line":9,"column":31}},"loc":{"start":{"line":9,"column":49},"end":{"line":14,"column":9}},"line":9},"2":{"name":"(anonymous_2)","decl":{"start":{"line":20,"column":20},"end":{"line":20,"column":21}},"loc":{"start":{"line":20,"column":31},"end":{"line":25,"column":1}},"line":20},"3":{"name":"(anonymous_3)","decl":{"start":{"line":28,"column":12},"end":{"line":28,"column":13}},"loc":{"start":{"line":28,"column":27},"end":{"line":51,"column":5}},"line":28},"4":{"name":"(anonymous_4)","decl":{"start":{"line":29,"column":50},"end":{"line":29,"column":51}},"loc":{"start":{"line":29,"column":57},"end":{"line":50,"column":9}},"line":29},"5":{"name":"(anonymous_5)","decl":{"start":{"line":55,"column":12},"end":{"line":55,"column":13}},"loc":{"start":{"line":55,"column":27},"end":{"line":71,"column":5}},"line":55},"6":{"name":"(anonymous_6)","decl":{"start":{"line":57,"column":47},"end":{"line":57,"column":48}},"loc":{"start":{"line":57,"column":60},"end":{"line":70,"column":9}},"line":57},"7":{"name":"(anonymous_7)","decl":{"start":{"line":75,"column":12},"end":{"line":75,"column":13}},"loc":{"start":{"line":75,"column":27},"end":{"line":106,"column":5}},"line":75},"8":{"name":"(anonymous_8)","decl":{"start":{"line":79,"column":59},"end":{"line":79,"column":60}},"loc":{"start":{"line":79,"column":66},"end":{"line":105,"column":9}},"line":79}},"branchMap":{"0":{"loc":{"start":{"line":11,"column":12},"end":{"line":13,"column":13}},"type":"if","locations":[{"start":{"line":11,"column":12},"end":{"line":13,"column":13}},{"start":{},"end":{}}],"line":11},"1":{"loc":{"start":{"line":11,"column":16},"end":{"line":11,"column":38}},"type":"binary-expr","locations":[{"start":{"line":11,"column":16},"end":{"line":11,"column":22}},{"start":{"line":11,"column":26},"end":{"line":11,"column":38}}],"line":11},"2":{"loc":{"start":{"line":22,"column":4},"end":{"line":23,"column":37}},"type":"if","locations":[{"start":{"line":22,"column":4},"end":{"line":23,"column":37}},{"start":{},"end":{}}],"line":22},"3":{"loc":{"start":{"line":24,"column":11},"end":{"line":24,"column":92}},"type":"cond-expr","locations":[{"start":{"line":24,"column":47},"end":{"line":24,"column":68}},{"start":{"line":24,"column":71},"end":{"line":24,"column":92}}],"line":24},"4":{"loc":{"start":{"line":30,"column":12},"end":{"line":49,"column":13}},"type":"if","locations":[{"start":{"line":30,"column":12},"end":{"line":49,"column":13}},{"start":{},"end":{}}],"line":30},"5":{"loc":{"start":{"line":33,"column":16},"end":{"line":35,"column":17}},"type":"if","locations":[{"start":{"line":33,"column":16},"end":{"line":35,"column":17}},{"start":{},"end":{}}],"line":33},"6":{"loc":{"start":{"line":62,"column":23},"end":{"line":62,"column":84}},"type":"cond-expr","locations":[{"start":{"line":62,"column":67},"end":{"line":62,"column":73}},{"start":{"line":62,"column":76},"end":{"line":62,"column":84}}],"line":62},"7":{"loc":{"start":{"line":62,"column":23},"end":{"line":62,"column":64}},"type":"binary-expr","locations":[{"start":{"line":62,"column":23},"end":{"line":62,"column":47}},{"start":{"line":62,"column":51},"end":{"line":62,"column":64}}],"line":62},"8":{"loc":{"start":{"line":63,"column":25},"end":{"line":63,"column":88}},"type":"cond-expr","locations":[{"start":{"line":63,"column":69},"end":{"line":63,"column":75}},{"start":{"line":63,"column":78},"end":{"line":63,"column":88}}],"line":63},"9":{"loc":{"start":{"line":63,"column":25},"end":{"line":63,"column":66}},"type":"binary-expr","locations":[{"start":{"line":63,"column":25},"end":{"line":63,"column":49}},{"start":{"line":63,"column":53},"end":{"line":63,"column":66}}],"line":63},"10":{"loc":{"start":{"line":67,"column":12},"end":{"line":69,"column":13}},"type":"if","locations":[{"start":{"line":67,"column":12},"end":{"line":69,"column":13}},{"start":{},"end":{}}],"line":67},"11":{"loc":{"start":{"line":76,"column":8},"end":{"line":78,"column":9}},"type":"if","locations":[{"start":{"line":76,"column":8},"end":{"line":78,"column":9}},{"start":{},"end":{}}],"line":76},"12":{"loc":{"start":{"line":82,"column":12},"end":{"line":104,"column":13}},"type":"if","locations":[{"start":{"line":82,"column":12},"end":{"line":104,"column":13}},{"start":{},"end":{}}],"line":82},"13":{"loc":{"start":{"line":82,"column":16},"end":{"line":82,"column":47}},"type":"binary-expr","locations":[{"start":{"line":82,"column":16},"end":{"line":82,"column":22}},{"start":{"line":82,"column":26},"end":{"line":82,"column":47}}],"line":82},"14":{"loc":{"start":{"line":84,"column":16},"end":{"line":93,"column":17}},"type":"if","locations":[{"start":{"line":84,"column":16},"end":{"line":93,"column":17}},{"start":{"line":89,"column":21},"end":{"line":93,"column":17}}],"line":84},"15":{"loc":{"start":{"line":92,"column":26},"end":{"line":92,"column":57}},"type":"binary-expr","locations":[{"start":{"line":92,"column":26},"end":{"line":92,"column":43}},{"start":{"line":92,"column":47},"end":{"line":92,"column":57}}],"line":92}},"s":{"0":1,"1":1,"2":1,"3":1,"4":1,"5":0,"6":0,"7":0,"8":0,"9":0,"10":0,"11":1,"12":0,"13":0,"14":0,"15":0,"16":1,"17":0,"18":0,"19":0,"20":0,"21":0,"22":0,"23":0,"24":0,"25":1,"26":0,"27":0,"28":0,"29":0,"30":0,"31":0,"32":1,"33":0,"34":0,"35":0,"36":0,"37":0,"38":0,"39":0,"40":0,"41":0,"42":0,"43":0,"44":0},"f":{"0":0,"1":0,"2":0,"3":0,"4":0,"5":0,"6":0,"7":0,"8":0},"b":{"0":[0,0],"1":[0,0],"2":[0,0],"3":[0,0],"4":[0,0],"5":[0,0],"6":[0,0],"7":[0,0],"8":[0,0],"9":[0,0],"10":[0,0],"11":[0,0],"12":[0,0],"13":[0,0],"14":[0,0],"15":[0,0]},"_coverageSchema":"1a1c01bbd47fc00a2c39e90264f33305004495a9","hash":"97f2cdb53fa2fdfa8be154ddeb5f98430af725e2"}
,"C:\\Users\\zw\\workspace\\monitor\\packages\\browser\\src\\plugins\\performance\\index.ts": {"path":"C:\\Users\\zw\\workspace\\monitor\\packages\\browser\\src\\plugins\\performance\\index.ts","statementMap":{"0":{"start":{"line":2,"column":0},"end":{"line":2,"column":62}},"1":{"start":{"line":3,"column":0},"end":{"line":3,"column":173}},"2":{"start":{"line":5,"column":21},"end":{"line":5,"column":42}},"3":{"start":{"line":6,"column":16},"end":{"line":6,"column":38}},"4":{"start":{"line":8,"column":0},"end":{"line":23,"column":2}},"5":{"start":{"line":11,"column":8},"end":{"line":21,"column":11}},"6":{"start":{"line":12,"column":12},"end":{"line":20,"column":15}},"7":{"start":{"line":13,"column":43},"end":{"line":18,"column":17}},"8":{"start":{"line":19,"column":16},"end":{"line":19,"column":48}},"9":{"start":{"line":25,"column":0},"end":{"line":38,"column":2}},"10":{"start":{"line":28,"column":8},"end":{"line":36,"column":11}},"11":{"start":{"line":29,"column":39},"end":{"line":34,"column":13}},"12":{"start":{"line":35,"column":12},"end":{"line":35,"column":44}},"13":{"start":{"line":39,"column":0},"end":{"line":54,"column":2}},"14":{"start":{"line":42,"column":8},"end":{"line":52,"column":11}},"15":{"start":{"line":43,"column":12},"end":{"line":51,"column":15}},"16":{"start":{"line":44,"column":43},"end":{"line":49,"column":17}},"17":{"start":{"line":50,"column":16},"end":{"line":50,"column":48}},"18":{"start":{"line":55,"column":0},"end":{"line":68,"column":2}},"19":{"start":{"line":58,"column":8},"end":{"line":66,"column":11}},"20":{"start":{"line":59,"column":39},"end":{"line":64,"column":13}},"21":{"start":{"line":65,"column":12},"end":{"line":65,"column":44}},"22":{"start":{"line":69,"column":0},"end":{"line":90,"column":2}},"23":{"start":{"line":72,"column":23},"end":{"line":86,"column":9}},"24":{"start":{"line":73,"column":12},"end":{"line":76,"column":13}},"25":{"start":{"line":74,"column":16},"end":{"line":74,"column":40}},"26":{"start":{"line":75,"column":16},"end":{"line":75,"column":36}},"27":{"start":{"line":77,"column":39},"end":{"line":84,"column":13}},"28":{"start":{"line":85,"column":12},"end":{"line":85,"column":44}},"29":{"start":{"line":87,"column":8},"end":{"line":87,"column":40}},"30":{"start":{"line":88,"column":8},"end":{"line":88,"column":46}},"31":{"start":{"line":92,"column":18},"end":{"line":98,"column":1}},"32":{"start":{"line":99,"column":0},"end":{"line":144,"column":2}},"33":{"start":{"line":102,"column":8},"end":{"line":142,"column":11}},"34":{"start":{"line":103,"column":20},"end":{"line":103,"column":38}},"35":{"start":{"line":104,"column":26},"end":{"line":104,"column":28}},"36":{"start":{"line":105,"column":12},"end":{"line":118,"column":13}},"37":{"start":{"line":106,"column":37},"end":{"line":106,"column":74}},"38":{"start":{"line":107,"column":16},"end":{"line":109,"column":17}},"39":{"start":{"line":108,"column":20},"end":{"line":108,"column":80}},"40":{"start":{"line":110,"column":16},"end":{"line":117,"column":17}},"41":{"start":{"line":111,"column":38},"end":{"line":111,"column":83}},"42":{"start":{"line":112,"column":20},"end":{"line":116,"column":21}},"43":{"start":{"line":115,"column":24},"end":{"line":115,"column":38}},"44":{"start":{"line":119,"column":221},"end":{"line":119,"column":222}},"45":{"start":{"line":122,"column":12},"end":{"line":134,"column":70}},"46":{"start":{"line":135,"column":39},"end":{"line":140,"column":13}},"47":{"start":{"line":141,"column":12},"end":{"line":141,"column":44}},"48":{"start":{"line":146,"column":20},"end":{"line":146,"column":57}},"49":{"start":{"line":147,"column":17},"end":{"line":147,"column":122}},"50":{"start":{"line":148,"column":0},"end":{"line":151,"column":1}},"51":{"start":{"line":150,"column":4},"end":{"line":150,"column":30}},"52":{"start":{"line":153,"column":4},"end":{"line":153,"column":38}},"53":{"start":{"line":157,"column":4},"end":{"line":157,"column":97}},"54":{"start":{"line":159,"column":0},"end":{"line":214,"column":2}},"55":{"start":{"line":162,"column":29},"end":{"line":162,"column":31}},"56":{"start":{"line":164,"column":28},"end":{"line":188,"column":9}},"57":{"start":{"line":165,"column":25},"end":{"line":165,"column":67}},"58":{"start":{"line":166,"column":12},"end":{"line":187,"column":13}},"59":{"start":{"line":169,"column":16},"end":{"line":171,"column":17}},"60":{"start":{"line":170,"column":20},"end":{"line":170,"column":27}},"61":{"start":{"line":172,"column":16},"end":{"line":186,"column":19}},"62":{"start":{"line":189,"column":8},"end":{"line":196,"column":9}},"63":{"start":{"line":190,"column":12},"end":{"line":190,"column":59}},"64":{"start":{"line":191,"column":12},"end":{"line":191,"column":58}},"65":{"start":{"line":194,"column":25},"end":{"line":194,"column":81}},"66":{"start":{"line":195,"column":12},"end":{"line":195,"column":30}},"67":{"start":{"line":197,"column":30},"end":{"line":210,"column":9}},"68":{"start":{"line":198,"column":12},"end":{"line":200,"column":13}},"69":{"start":{"line":199,"column":16},"end":{"line":199,"column":37}},"70":{"start":{"line":201,"column":39},"end":{"line":208,"column":13}},"71":{"start":{"line":209,"column":12},"end":{"line":209,"column":44}},"72":{"start":{"line":212,"column":8},"end":{"line":212,"column":99}}},"fnMap":{"0":{"name":"(anonymous_0)","decl":{"start":{"line":10,"column":12},"end":{"line":10,"column":13}},"loc":{"start":{"line":10,"column":27},"end":{"line":22,"column":5}},"line":10},"1":{"name":"(anonymous_1)","decl":{"start":{"line":11,"column":33},"end":{"line":11,"column":34}},"loc":{"start":{"line":11,"column":39},"end":{"line":21,"column":9}},"line":11},"2":{"name":"(anonymous_2)","decl":{"start":{"line":12,"column":37},"end":{"line":12,"column":38}},"loc":{"start":{"line":12,"column":55},"end":{"line":20,"column":13}},"line":12},"3":{"name":"(anonymous_3)","decl":{"start":{"line":27,"column":12},"end":{"line":27,"column":13}},"loc":{"start":{"line":27,"column":27},"end":{"line":37,"column":5}},"line":27},"4":{"name":"(anonymous_4)","decl":{"start":{"line":28,"column":33},"end":{"line":28,"column":34}},"loc":{"start":{"line":28,"column":51},"end":{"line":36,"column":9}},"line":28},"5":{"name":"(anonymous_5)","decl":{"start":{"line":41,"column":12},"end":{"line":41,"column":13}},"loc":{"start":{"line":41,"column":27},"end":{"line":53,"column":5}},"line":41},"6":{"name":"(anonymous_6)","decl":{"start":{"line":42,"column":33},"end":{"line":42,"column":34}},"loc":{"start":{"line":42,"column":39},"end":{"line":52,"column":9}},"line":42},"7":{"name":"(anonymous_7)","decl":{"start":{"line":43,"column":37},"end":{"line":43,"column":38}},"loc":{"start":{"line":43,"column":55},"end":{"line":51,"column":13}},"line":43},"8":{"name":"(anonymous_8)","decl":{"start":{"line":57,"column":12},"end":{"line":57,"column":13}},"loc":{"start":{"line":57,"column":27},"end":{"line":67,"column":5}},"line":57},"9":{"name":"(anonymous_9)","decl":{"start":{"line":58,"column":33},"end":{"line":58,"column":34}},"loc":{"start":{"line":58,"column":51},"end":{"line":66,"column":9}},"line":58},"10":{"name":"(anonymous_10)","decl":{"start":{"line":71,"column":12},"end":{"line":71,"column":13}},"loc":{"start":{"line":71,"column":27},"end":{"line":89,"column":5}},"line":71},"11":{"name":"(anonymous_11)","decl":{"start":{"line":72,"column":23},"end":{"line":72,"column":24}},"loc":{"start":{"line":72,"column":42},"end":{"line":86,"column":9}},"line":72},"12":{"name":"(anonymous_12)","decl":{"start":{"line":101,"column":12},"end":{"line":101,"column":13}},"loc":{"start":{"line":101,"column":27},"end":{"line":143,"column":5}},"line":101},"13":{"name":"(anonymous_13)","decl":{"start":{"line":102,"column":33},"end":{"line":102,"column":34}},"loc":{"start":{"line":102,"column":39},"end":{"line":142,"column":9}},"line":102},"14":{"name":"filter","decl":{"start":{"line":152,"column":9},"end":{"line":152,"column":15}},"loc":{"start":{"line":152,"column":22},"end":{"line":154,"column":1}},"line":152},"15":{"name":"isCache","decl":{"start":{"line":155,"column":9},"end":{"line":155,"column":16}},"loc":{"start":{"line":155,"column":24},"end":{"line":158,"column":1}},"line":155},"16":{"name":"(anonymous_16)","decl":{"start":{"line":161,"column":12},"end":{"line":161,"column":13}},"loc":{"start":{"line":161,"column":27},"end":{"line":213,"column":5}},"line":161},"17":{"name":"(anonymous_17)","decl":{"start":{"line":164,"column":28},"end":{"line":164,"column":29}},"loc":{"start":{"line":164,"column":44},"end":{"line":188,"column":9}},"line":164},"18":{"name":"(anonymous_18)","decl":{"start":{"line":197,"column":30},"end":{"line":197,"column":31}},"loc":{"start":{"line":197,"column":42},"end":{"line":210,"column":9}},"line":197}},"branchMap":{"0":{"loc":{"start":{"line":73,"column":12},"end":{"line":76,"column":13}},"type":"if","locations":[{"start":{"line":73,"column":12},"end":{"line":76,"column":13}},{"start":{},"end":{}}],"line":73},"1":{"loc":{"start":{"line":73,"column":16},"end":{"line":73,"column":73}},"type":"binary-expr","locations":[{"start":{"line":73,"column":16},"end":{"line":73,"column":29}},{"start":{"line":73,"column":34},"end":{"line":73,"column":48}},{"start":{"line":73,"column":52},"end":{"line":73,"column":72}}],"line":73},"2":{"loc":{"start":{"line":81,"column":65},"end":{"line":83,"column":17}},"type":"binary-expr","locations":[{"start":{"line":81,"column":66},"end":{"line":81,"column":86}},{"start":{"line":81,"column":90},"end":{"line":81,"column":109}},{"start":{"line":81,"column":114},"end":{"line":83,"column":17}}],"line":81},"3":{"loc":{"start":{"line":94,"column":25},"end":{"line":94,"column":84}},"type":"binary-expr","locations":[{"start":{"line":94,"column":25},"end":{"line":94,"column":52}},{"start":{"line":94,"column":56},"end":{"line":94,"column":84}}],"line":94},"4":{"loc":{"start":{"line":105,"column":12},"end":{"line":118,"column":13}},"type":"if","locations":[{"start":{"line":105,"column":12},"end":{"line":118,"column":13}},{"start":{},"end":{}}],"line":105},"5":{"loc":{"start":{"line":107,"column":16},"end":{"line":109,"column":17}},"type":"if","locations":[{"start":{"line":107,"column":16},"end":{"line":109,"column":17}},{"start":{},"end":{}}],"line":107},"6":{"loc":{"start":{"line":110,"column":16},"end":{"line":117,"column":17}},"type":"if","locations":[{"start":{"line":110,"column":16},"end":{"line":117,"column":17}},{"start":{},"end":{}}],"line":110},"7":{"loc":{"start":{"line":112,"column":20},"end":{"line":116,"column":21}},"type":"if","locations":[{"start":{"line":112,"column":20},"end":{"line":116,"column":21}},{"start":{},"end":{}}],"line":112},"8":{"loc":{"start":{"line":130,"column":28},"end":{"line":130,"column":90}},"type":"cond-expr","locations":[{"start":{"line":130,"column":52},"end":{"line":130,"column":86}},{"start":{"line":130,"column":89},"end":{"line":130,"column":90}}],"line":130},"9":{"loc":{"start":{"line":147,"column":17},"end":{"line":147,"column":122}},"type":"binary-expr","locations":[{"start":{"line":147,"column":17},"end":{"line":147,"column":67}},{"start":{"line":147,"column":71},"end":{"line":147,"column":122}}],"line":147},"10":{"loc":{"start":{"line":148,"column":0},"end":{"line":151,"column":1}},"type":"if","locations":[{"start":{"line":148,"column":0},"end":{"line":151,"column":1}},{"start":{},"end":{}}],"line":148},"11":{"loc":{"start":{"line":157,"column":11},"end":{"line":157,"column":96}},"type":"binary-expr","locations":[{"start":{"line":157,"column":11},"end":{"line":157,"column":35}},{"start":{"line":157,"column":40},"end":{"line":157,"column":64}},{"start":{"line":157,"column":68},"end":{"line":157,"column":95}}],"line":157},"12":{"loc":{"start":{"line":165,"column":25},"end":{"line":165,"column":67}},"type":"cond-expr","locations":[{"start":{"line":165,"column":43},"end":{"line":165,"column":60}},{"start":{"line":165,"column":63},"end":{"line":165,"column":67}}],"line":165},"13":{"loc":{"start":{"line":169,"column":16},"end":{"line":171,"column":17}},"type":"if","locations":[{"start":{"line":169,"column":16},"end":{"line":171,"column":17}},{"start":{},"end":{}}],"line":169},"14":{"loc":{"start":{"line":169,"column":20},"end":{"line":169,"column":73}},"type":"binary-expr","locations":[{"start":{"line":169,"column":20},"end":{"line":169,"column":42}},{"start":{"line":169,"column":46},"end":{"line":169,"column":73}}],"line":169},"15":{"loc":{"start":{"line":189,"column":8},"end":{"line":196,"column":9}},"type":"if","locations":[{"start":{"line":189,"column":8},"end":{"line":196,"column":9}},{"start":{"line":193,"column":13},"end":{"line":196,"column":9}}],"line":189},"16":{"loc":{"start":{"line":198,"column":12},"end":{"line":200,"column":13}},"type":"if","locations":[{"start":{"line":198,"column":12},"end":{"line":200,"column":13}},{"start":{},"end":{}}],"line":198}},"s":{"0":1,"1":1,"2":1,"3":1,"4":1,"5":0,"6":0,"7":0,"8":0,"9":1,"10":0,"11":0,"12":0,"13":1,"14":0,"15":0,"16":0,"17":0,"18":1,"19":0,"20":0,"21":0,"22":1,"23":0,"24":0,"25":0,"26":0,"27":0,"28":0,"29":0,"30":0,"31":1,"32":1,"33":0,"34":0,"35":0,"36":0,"37":0,"38":0,"39":0,"40":0,"41":0,"42":0,"43":0,"44":0,"45":0,"46":0,"47":0,"48":1,"49":1,"50":1,"51":0,"52":0,"53":0,"54":1,"55":0,"56":0,"57":0,"58":0,"59":0,"60":0,"61":0,"62":0,"63":0,"64":0,"65":0,"66":0,"67":0,"68":0,"69":0,"70":0,"71":0,"72":0},"f":{"0":0,"1":0,"2":0,"3":0,"4":0,"5":0,"6":0,"7":0,"8":0,"9":0,"10":0,"11":0,"12":0,"13":0,"14":0,"15":0,"16":0,"17":0,"18":0},"b":{"0":[0,0],"1":[0,0,0],"2":[0,0,0],"3":[1,1],"4":[0,0],"5":[0,0],"6":[0,0],"7":[0,0],"8":[0,0],"9":[1,0],"10":[0,1],"11":[0,0,0],"12":[0,0],"13":[0,0],"14":[0,0],"15":[0,0],"16":[0,0]},"_coverageSchema":"1a1c01bbd47fc00a2c39e90264f33305004495a9","hash":"bd867fa393966cd35c540b9f52345fad1c30c32e"}
,"C:\\Users\\zw\\workspace\\monitor\\packages\\browser\\src\\types\\browserInitOptions.ts": {"path":"C:\\Users\\zw\\workspace\\monitor\\packages\\browser\\src\\types\\browserInitOptions.ts","statementMap":{"0":{"start":{"line":2,"column":0},"end":{"line":2,"column":62}}},"fnMap":{},"branchMap":{},"s":{"0":2},"f":{},"b":{},"_coverageSchema":"1a1c01bbd47fc00a2c39e90264f33305004495a9","hash":"2357b25f254f075cd0d047865716789df712330e"}
,"C:\\Users\\zw\\workspace\\monitor\\packages\\browser\\src\\types\\index.ts": {"path":"C:\\Users\\zw\\workspace\\monitor\\packages\\browser\\src\\types\\index.ts","statementMap":{"0":{"start":{"line":2,"column":22},"end":{"line":12,"column":3}},"1":{"start":{"line":3,"column":4},"end":{"line":3,"column":33}},"2":{"start":{"line":3,"column":26},"end":{"line":3,"column":33}},"3":{"start":{"line":4,"column":15},"end":{"line":4,"column":52}},"4":{"start":{"line":5,"column":4},"end":{"line":7,"column":5}},"5":{"start":{"line":6,"column":6},"end":{"line":6,"column":68}},"6":{"start":{"line":6,"column":51},"end":{"line":6,"column":63}},"7":{"start":{"line":8,"column":4},"end":{"line":8,"column":39}},"8":{"start":{"line":10,"column":4},"end":{"line":10,"column":33}},"9":{"start":{"line":10,"column":26},"end":{"line":10,"column":33}},"10":{"start":{"line":11,"column":4},"end":{"line":11,"column":17}},"11":{"start":{"line":13,"column":19},"end":{"line":15,"column":1}},"12":{"start":{"line":14,"column":4},"end":{"line":14,"column":126}},"13":{"start":{"line":14,"column":21},"end":{"line":14,"column":126}},"14":{"start":{"line":14,"column":95},"end":{"line":14,"column":126}},"15":{"start":{"line":16,"column":0},"end":{"line":16,"column":62}},"16":{"start":{"line":17,"column":0},"end":{"line":17,"column":55}},"17":{"start":{"line":18,"column":0},"end":{"line":18,"column":44}}},"fnMap":{"0":{"name":"(anonymous_0)","decl":{"start":{"line":2,"column":74},"end":{"line":2,"column":75}},"loc":{"start":{"line":2,"column":96},"end":{"line":9,"column":1}},"line":2},"1":{"name":"(anonymous_1)","decl":{"start":{"line":6,"column":38},"end":{"line":6,"column":39}},"loc":{"start":{"line":6,"column":49},"end":{"line":6,"column":65}},"line":6},"2":{"name":"(anonymous_2)","decl":{"start":{"line":9,"column":6},"end":{"line":9,"column":7}},"loc":{"start":{"line":9,"column":28},"end":{"line":12,"column":1}},"line":9},"3":{"name":"(anonymous_3)","decl":{"start":{"line":13,"column":50},"end":{"line":13,"column":51}},"loc":{"start":{"line":13,"column":71},"end":{"line":15,"column":1}},"line":13}},"branchMap":{"0":{"loc":{"start":{"line":2,"column":22},"end":{"line":12,"column":3}},"type":"binary-expr","locations":[{"start":{"line":2,"column":23},"end":{"line":2,"column":27}},{"start":{"line":2,"column":31},"end":{"line":2,"column":51}},{"start":{"line":2,"column":57},"end":{"line":12,"column":2}}],"line":2},"1":{"loc":{"start":{"line":2,"column":57},"end":{"line":12,"column":2}},"type":"cond-expr","locations":[{"start":{"line":2,"column":74},"end":{"line":9,"column":1}},{"start":{"line":9,"column":6},"end":{"line":12,"column":1}}],"line":2},"2":{"loc":{"start":{"line":3,"column":4},"end":{"line":3,"column":33}},"type":"if","locations":[{"start":{"line":3,"column":4},"end":{"line":3,"column":33}},{"start":{},"end":{}}],"line":3},"3":{"loc":{"start":{"line":5,"column":4},"end":{"line":7,"column":5}},"type":"if","locations":[{"start":{"line":5,"column":4},"end":{"line":7,"column":5}},{"start":{},"end":{}}],"line":5},"4":{"loc":{"start":{"line":5,"column":8},"end":{"line":5,"column":85}},"type":"binary-expr","locations":[{"start":{"line":5,"column":8},"end":{"line":5,"column":13}},{"start":{"line":5,"column":18},"end":{"line":5,"column":84}}],"line":5},"5":{"loc":{"start":{"line":5,"column":18},"end":{"line":5,"column":84}},"type":"cond-expr","locations":[{"start":{"line":5,"column":34},"end":{"line":5,"column":47}},{"start":{"line":5,"column":50},"end":{"line":5,"column":84}}],"line":5},"6":{"loc":{"start":{"line":5,"column":50},"end":{"line":5,"column":84}},"type":"binary-expr","locations":[{"start":{"line":5,"column":50},"end":{"line":5,"column":63}},{"start":{"line":5,"column":67},"end":{"line":5,"column":84}}],"line":5},"7":{"loc":{"start":{"line":10,"column":4},"end":{"line":10,"column":33}},"type":"if","locations":[{"start":{"line":10,"column":4},"end":{"line":10,"column":33}},{"start":{},"end":{}}],"line":10},"8":{"loc":{"start":{"line":13,"column":19},"end":{"line":15,"column":1}},"type":"binary-expr","locations":[{"start":{"line":13,"column":20},"end":{"line":13,"column":24}},{"start":{"line":13,"column":28},"end":{"line":13,"column":45}},{"start":{"line":13,"column":50},"end":{"line":15,"column":1}}],"line":13},"9":{"loc":{"start":{"line":14,"column":21},"end":{"line":14,"column":126}},"type":"if","locations":[{"start":{"line":14,"column":21},"end":{"line":14,"column":126}},{"start":{},"end":{}}],"line":14},"10":{"loc":{"start":{"line":14,"column":25},"end":{"line":14,"column":93}},"type":"binary-expr","locations":[{"start":{"line":14,"column":25},"end":{"line":14,"column":40}},{"start":{"line":14,"column":44},"end":{"line":14,"column":93}}],"line":14}},"s":{"0":2,"1":2,"2":2,"3":2,"4":2,"5":2,"6":4,"7":2,"8":0,"9":0,"10":0,"11":2,"12":4,"13":2,"14":2,"15":2,"16":2,"17":2},"f":{"0":2,"1":4,"2":0,"3":4},"b":{"0":[2,2,2],"1":[2,0],"2":[2,0],"3":[2,0],"4":[2,2],"5":[0,2],"6":[2,0],"7":[0,0],"8":[2,2,2],"9":[2,0],"10":[2,2]},"_coverageSchema":"1a1c01bbd47fc00a2c39e90264f33305004495a9","hash":"2483f6b9bd08965b52dd3555d977cd4e65c16ef6"}
,"C:\\Users\\zw\\workspace\\monitor\\packages\\browser\\src\\types\\metrics.ts": {"path":"C:\\Users\\zw\\workspace\\monitor\\packages\\browser\\src\\types\\metrics.ts","statementMap":{"0":{"start":{"line":2,"column":0},"end":{"line":2,"column":62}},"1":{"start":{"line":3,"column":0},"end":{"line":3,"column":28}},"2":{"start":{"line":5,"column":0},"end":{"line":11,"column":65}},"3":{"start":{"line":6,"column":4},"end":{"line":6,"column":40}},"4":{"start":{"line":7,"column":4},"end":{"line":7,"column":34}},"5":{"start":{"line":8,"column":4},"end":{"line":8,"column":36}},"6":{"start":{"line":9,"column":4},"end":{"line":9,"column":39}},"7":{"start":{"line":10,"column":4},"end":{"line":10,"column":36}}},"fnMap":{"0":{"name":"(anonymous_0)","decl":{"start":{"line":5,"column":1},"end":{"line":5,"column":2}},"loc":{"start":{"line":5,"column":23},"end":{"line":11,"column":1}},"line":5}},"branchMap":{"0":{"loc":{"start":{"line":11,"column":16},"end":{"line":11,"column":63}},"type":"binary-expr","locations":[{"start":{"line":11,"column":16},"end":{"line":11,"column":34}},{"start":{"line":11,"column":39},"end":{"line":11,"column":62}}],"line":11}},"s":{"0":2,"1":2,"2":2,"3":2,"4":2,"5":2,"6":2,"7":2},"f":{"0":2},"b":{"0":[2,2]},"_coverageSchema":"1a1c01bbd47fc00a2c39e90264f33305004495a9","hash":"76284e8d722c085c037d3c0953e2c2c19d415dd0"}
,"C:\\Users\\zw\\workspace\\monitor\\packages\\browser\\src\\utils\\dom.ts": {"path":"C:\\Users\\zw\\workspace\\monitor\\packages\\browser\\src\\utils\\dom.ts","statementMap":{"0":{"start":{"line":2,"column":0},"end":{"line":2,"column":62}},"1":{"start":{"line":3,"column":0},"end":{"line":3,"column":31}},"2":{"start":{"line":4,"column":16},"end":{"line":4,"column":41}},"3":{"start":{"line":5,"column":15},"end":{"line":5,"column":39}},"4":{"start":{"line":6,"column":23},"end":{"line":8,"column":1}},"5":{"start":{"line":10,"column":20},"end":{"line":10,"column":50}},"6":{"start":{"line":11,"column":4},"end":{"line":13,"column":5}},"7":{"start":{"line":12,"column":8},"end":{"line":12,"column":15}},"8":{"start":{"line":14,"column":16},"end":{"line":14,"column":71}},"9":{"start":{"line":15,"column":4},"end":{"line":17,"column":5}},"10":{"start":{"line":16,"column":8},"end":{"line":16,"column":15}},"11":{"start":{"line":18,"column":34},"end":{"line":23,"column":12}},"12":{"start":{"line":21,"column":8},"end":{"line":21,"column":58}},"13":{"start":{"line":24,"column":4},"end":{"line":24,"column":61}},"14":{"start":{"line":26,"column":0},"end":{"line":26,"column":38}}},"fnMap":{"0":{"name":"proxyDomClick","decl":{"start":{"line":9,"column":9},"end":{"line":9,"column":22}},"loc":{"start":{"line":9,"column":32},"end":{"line":25,"column":1}},"line":9},"1":{"name":"(anonymous_1)","decl":{"start":{"line":18,"column":56},"end":{"line":18,"column":57}},"loc":{"start":{"line":18,"column":69},"end":{"line":23,"column":5}},"line":18}},"branchMap":{"0":{"loc":{"start":{"line":11,"column":4},"end":{"line":13,"column":5}},"type":"if","locations":[{"start":{"line":11,"column":4},"end":{"line":13,"column":5}},{"start":{},"end":{}}],"line":11},"1":{"loc":{"start":{"line":15,"column":4},"end":{"line":17,"column":5}},"type":"if","locations":[{"start":{"line":15,"column":4},"end":{"line":17,"column":5}},{"start":{},"end":{}}],"line":15}},"s":{"0":1,"1":1,"2":1,"3":1,"4":1,"5":0,"6":0,"7":0,"8":0,"9":0,"10":0,"11":0,"12":0,"13":0,"14":1},"f":{"0":0,"1":0},"b":{"0":[0,0],"1":[0,0]},"_coverageSchema":"1a1c01bbd47fc00a2c39e90264f33305004495a9","hash":"21f8c6d346eb90f9e2518d46a3d5109eba3ab482"}
,"C:\\Users\\zw\\workspace\\monitor\\packages\\browser\\src\\utils\\global.ts": {"path":"C:\\Users\\zw\\workspace\\monitor\\packages\\browser\\src\\utils\\global.ts","statementMap":{"0":{"start":{"line":2,"column":0},"end":{"line":2,"column":62}},"1":{"start":{"line":3,"column":0},"end":{"line":3,"column":25}},"2":{"start":{"line":4,"column":16},"end":{"line":4,"column":41}},"3":{"start":{"line":5,"column":0},"end":{"line":5,"column":49}}},"fnMap":{},"branchMap":{},"s":{"0":1,"1":1,"2":1,"3":1},"f":{},"b":{},"_coverageSchema":"1a1c01bbd47fc00a2c39e90264f33305004495a9","hash":"40f44b4303f3504f51698c843708433709a0b751"}
,"C:\\Users\\zw\\workspace\\monitor\\packages\\browser\\src\\utils\\history.ts": {"path":"C:\\Users\\zw\\workspace\\monitor\\packages\\browser\\src\\utils\\history.ts","statementMap":{"0":{"start":{"line":2,"column":0},"end":{"line":2,"column":62}},"1":{"start":{"line":3,"column":0},"end":{"line":3,"column":50}},"2":{"start":{"line":5,"column":16},"end":{"line":5,"column":41}},"3":{"start":{"line":6,"column":15},"end":{"line":6,"column":45}},"4":{"start":{"line":7,"column":22},"end":{"line":10,"column":1}},"5":{"start":{"line":8,"column":14},"end":{"line":8,"column":29}},"6":{"start":{"line":9,"column":4},"end":{"line":9,"column":28}},"7":{"start":{"line":11,"column":11},"end":{"line":11,"column":16}},"8":{"start":{"line":13,"column":4},"end":{"line":13,"column":16}},"9":{"start":{"line":14,"column":4},"end":{"line":26,"column":5}},"10":{"start":{"line":15,"column":8},"end":{"line":25,"column":11}},"11":{"start":{"line":16,"column":12},"end":{"line":24,"column":15}},"12":{"start":{"line":17,"column":16},"end":{"line":23,"column":18}},"13":{"start":{"line":20,"column":31},"end":{"line":20,"column":57}},"14":{"start":{"line":21,"column":20},"end":{"line":21,"column":40}},"15":{"start":{"line":22,"column":20},"end":{"line":22,"column":30}},"16":{"start":{"line":28,"column":0},"end":{"line":28,"column":21}},"17":{"start":{"line":30,"column":4},"end":{"line":30,"column":69}},"18":{"start":{"line":30,"column":51},"end":{"line":30,"column":61}},"19":{"start":{"line":31,"column":4},"end":{"line":31,"column":66}},"20":{"start":{"line":31,"column":48},"end":{"line":31,"column":58}},"21":{"start":{"line":33,"column":0},"end":{"line":33,"column":36}},"22":{"start":{"line":38,"column":4},"end":{"line":38,"column":67}},"23":{"start":{"line":38,"column":49},"end":{"line":38,"column":59}},"24":{"start":{"line":39,"column":4},"end":{"line":39,"column":65}},"25":{"start":{"line":39,"column":47},"end":{"line":39,"column":57}},"26":{"start":{"line":41,"column":0},"end":{"line":41,"column":30}}},"fnMap":{"0":{"name":"(anonymous_0)","decl":{"start":{"line":7,"column":22},"end":{"line":7,"column":23}},"loc":{"start":{"line":7,"column":38},"end":{"line":10,"column":1}},"line":7},"1":{"name":"wrHistory","decl":{"start":{"line":12,"column":9},"end":{"line":12,"column":18}},"loc":{"start":{"line":12,"column":21},"end":{"line":27,"column":1}},"line":12},"2":{"name":"(anonymous_2)","decl":{"start":{"line":15,"column":46},"end":{"line":15,"column":47}},"loc":{"start":{"line":15,"column":54},"end":{"line":25,"column":9}},"line":15},"3":{"name":"(anonymous_3)","decl":{"start":{"line":16,"column":52},"end":{"line":16,"column":53}},"loc":{"start":{"line":16,"column":72},"end":{"line":24,"column":13}},"line":16},"4":{"name":"(anonymous_4)","decl":{"start":{"line":17,"column":23},"end":{"line":17,"column":24}},"loc":{"start":{"line":17,"column":42},"end":{"line":23,"column":17}},"line":17},"5":{"name":"proxyHistory","decl":{"start":{"line":29,"column":9},"end":{"line":29,"column":21}},"loc":{"start":{"line":29,"column":31},"end":{"line":32,"column":1}},"line":29},"6":{"name":"(anonymous_6)","decl":{"start":{"line":30,"column":44},"end":{"line":30,"column":45}},"loc":{"start":{"line":30,"column":51},"end":{"line":30,"column":61}},"line":30},"7":{"name":"(anonymous_7)","decl":{"start":{"line":31,"column":41},"end":{"line":31,"column":42}},"loc":{"start":{"line":31,"column":48},"end":{"line":31,"column":58}},"line":31},"8":{"name":"proxyHash","decl":{"start":{"line":37,"column":9},"end":{"line":37,"column":18}},"loc":{"start":{"line":37,"column":28},"end":{"line":40,"column":1}},"line":37},"9":{"name":"(anonymous_9)","decl":{"start":{"line":38,"column":42},"end":{"line":38,"column":43}},"loc":{"start":{"line":38,"column":49},"end":{"line":38,"column":59}},"line":38},"10":{"name":"(anonymous_10)","decl":{"start":{"line":39,"column":40},"end":{"line":39,"column":41}},"loc":{"start":{"line":39,"column":47},"end":{"line":39,"column":57}},"line":39}},"branchMap":{"0":{"loc":{"start":{"line":14,"column":4},"end":{"line":26,"column":5}},"type":"if","locations":[{"start":{"line":14,"column":4},"end":{"line":26,"column":5}},{"start":{},"end":{}}],"line":14},"1":{"loc":{"start":{"line":28,"column":0},"end":{"line":28,"column":20}},"type":"binary-expr","locations":[{"start":{"line":28,"column":0},"end":{"line":28,"column":5}},{"start":{"line":28,"column":9},"end":{"line":28,"column":20}}],"line":28}},"s":{"0":1,"1":1,"2":1,"3":1,"4":1,"5":0,"6":0,"7":1,"8":1,"9":1,"10":1,"11":2,"12":2,"13":0,"14":0,"15":0,"16":1,"17":0,"18":0,"19":0,"20":0,"21":1,"22":0,"23":0,"24":0,"25":0,"26":1},"f":{"0":0,"1":1,"2":2,"3":2,"4":0,"5":0,"6":0,"7":0,"8":0,"9":0,"10":0},"b":{"0":[1,0],"1":[1,1]},"_coverageSchema":"1a1c01bbd47fc00a2c39e90264f33305004495a9","hash":"4015f0a4d2caf960e61f39ea437c1a51f6169322"}
,"C:\\Users\\zw\\workspace\\monitor\\packages\\browser\\src\\utils\\htmlTreeAsString.ts": {"path":"C:\\Users\\zw\\workspace\\monitor\\packages\\browser\\src\\utils\\htmlTreeAsString.ts","statementMap":{"0":{"start":{"line":2,"column":0},"end":{"line":2,"column":62}},"1":{"start":{"line":3,"column":0},"end":{"line":3,"column":34}},"2":{"start":{"line":5,"column":4},"end":{"line":27,"column":5}},"3":{"start":{"line":6,"column":26},"end":{"line":6,"column":29}},"4":{"start":{"line":7,"column":20},"end":{"line":7,"column":22}},"5":{"start":{"line":8,"column":36},"end":{"line":8,"column":37}},"6":{"start":{"line":9,"column":31},"end":{"line":9,"column":33}},"7":{"start":{"line":10,"column":21},"end":{"line":10,"column":22}},"8":{"start":{"line":11,"column":18},"end":{"line":11,"column":19}},"9":{"start":{"line":12,"column":26},"end":{"line":12,"column":31}},"10":{"start":{"line":13,"column":26},"end":{"line":13,"column":42}},"11":{"start":{"line":14,"column":8},"end":{"line":22,"column":9}},"12":{"start":{"line":15,"column":28},"end":{"line":15,"column":70}},"13":{"start":{"line":16,"column":12},"end":{"line":18,"column":13}},"14":{"start":{"line":17,"column":16},"end":{"line":17,"column":22}},"15":{"start":{"line":19,"column":12},"end":{"line":19,"column":30}},"16":{"start":{"line":20,"column":12},"end":{"line":20,"column":34}},"17":{"start":{"line":21,"column":12},"end":{"line":21,"column":49}},"18":{"start":{"line":23,"column":8},"end":{"line":23,"column":45}},"19":{"start":{"line":26,"column":8},"end":{"line":26,"column":27}},"20":{"start":{"line":29,"column":0},"end":{"line":29,"column":44}},"21":{"start":{"line":31,"column":17},"end":{"line":31,"column":19}},"22":{"start":{"line":32,"column":4},"end":{"line":34,"column":5}},"23":{"start":{"line":33,"column":8},"end":{"line":33,"column":18}},"24":{"start":{"line":35,"column":16},"end":{"line":35,"column":18}},"25":{"start":{"line":36,"column":25},"end":{"line":40,"column":12}},"26":{"start":{"line":38,"column":31},"end":{"line":38,"column":57}},"27":{"start":{"line":39,"column":28},"end":{"line":39,"column":65}},"28":{"start":{"line":41,"column":4},"end":{"line":55,"column":5}},"29":{"start":{"line":42,"column":8},"end":{"line":44,"column":11}},"30":{"start":{"line":43,"column":12},"end":{"line":43,"column":64}},"31":{"start":{"line":47,"column":8},"end":{"line":49,"column":9}},"32":{"start":{"line":48,"column":12},"end":{"line":48,"column":36}},"33":{"start":{"line":50,"column":26},"end":{"line":50,"column":40}},"34":{"start":{"line":51,"column":8},"end":{"line":54,"column":9}},"35":{"start":{"line":52,"column":27},"end":{"line":52,"column":47}},"36":{"start":{"line":53,"column":12},"end":{"line":53,"column":55}},"37":{"start":{"line":53,"column":34},"end":{"line":53,"column":53}},"38":{"start":{"line":56,"column":4},"end":{"line":56,"column":24}}},"fnMap":{"0":{"name":"htmlTreeAsString","decl":{"start":{"line":4,"column":9},"end":{"line":4,"column":25}},"loc":{"start":{"line":4,"column":41},"end":{"line":28,"column":1}},"line":4},"1":{"name":"htmlElementAsString","decl":{"start":{"line":30,"column":9},"end":{"line":30,"column":28}},"loc":{"start":{"line":30,"column":48},"end":{"line":57,"column":1}},"line":30},"2":{"name":"(anonymous_2)","decl":{"start":{"line":38,"column":20},"end":{"line":38,"column":21}},"loc":{"start":{"line":38,"column":31},"end":{"line":38,"column":57}},"line":38},"3":{"name":"(anonymous_3)","decl":{"start":{"line":39,"column":17},"end":{"line":39,"column":18}},"loc":{"start":{"line":39,"column":28},"end":{"line":39,"column":65}},"line":39},"4":{"name":"(anonymous_4)","decl":{"start":{"line":42,"column":29},"end":{"line":42,"column":30}},"loc":{"start":{"line":42,"column":44},"end":{"line":44,"column":9}},"line":42},"5":{"name":"(anonymous_5)","decl":{"start":{"line":53,"column":27},"end":{"line":53,"column":28}},"loc":{"start":{"line":53,"column":34},"end":{"line":53,"column":53}},"line":53}},"branchMap":{"0":{"loc":{"start":{"line":14,"column":15},"end":{"line":14,"column":60}},"type":"binary-expr","locations":[{"start":{"line":14,"column":15},"end":{"line":14,"column":26}},{"start":{"line":14,"column":30},"end":{"line":14,"column":60}}],"line":14},"1":{"loc":{"start":{"line":16,"column":12},"end":{"line":18,"column":13}},"type":"if","locations":[{"start":{"line":16,"column":12},"end":{"line":18,"column":13}},{"start":{},"end":{}}],"line":16},"2":{"loc":{"start":{"line":16,"column":16},"end":{"line":16,"column":117}},"type":"binary-expr","locations":[{"start":{"line":16,"column":16},"end":{"line":16,"column":34}},{"start":{"line":16,"column":39},"end":{"line":16,"column":49}},{"start":{"line":16,"column":53},"end":{"line":16,"column":116}}],"line":16},"3":{"loc":{"start":{"line":30,"column":33},"end":{"line":30,"column":46}},"type":"default-arg","locations":[{"start":{"line":30,"column":44},"end":{"line":30,"column":46}}],"line":30},"4":{"loc":{"start":{"line":32,"column":4},"end":{"line":34,"column":5}},"type":"if","locations":[{"start":{"line":32,"column":4},"end":{"line":34,"column":5}},{"start":{},"end":{}}],"line":32},"5":{"loc":{"start":{"line":32,"column":8},"end":{"line":32,"column":30}},"type":"binary-expr","locations":[{"start":{"line":32,"column":8},"end":{"line":32,"column":13}},{"start":{"line":32,"column":17},"end":{"line":32,"column":30}}],"line":32},"6":{"loc":{"start":{"line":36,"column":25},"end":{"line":40,"column":12}},"type":"cond-expr","locations":[{"start":{"line":37,"column":8},"end":{"line":39,"column":66}},{"start":{"line":40,"column":8},"end":{"line":40,"column":12}}],"line":36},"7":{"loc":{"start":{"line":36,"column":25},"end":{"line":36,"column":52}},"type":"binary-expr","locations":[{"start":{"line":36,"column":25},"end":{"line":
[...]
,"C:\\Users\\zw\\workspace\\monitor\\packages\\utils\\src\\logger.ts": {"path":"C:\\Users\\zw\\workspace\\monitor\\packages\\utils\\src\\logger.ts","statementMap":{"0":{"start":{"line":2,"column":0},"end":{"line":2,"column":62}},"1":{"start":{"line":3,"column":0},"end":{"line":3,"column":49}},"2":{"start":{"line":4,"column":17},"end":{"line":4,"column":36}},"3":{"start":{"line":5,"column":0},"end":{"line":5,"column":58}},"4":{"start":{"line":6,"column":15},"end":{"line":6,"column":32}},"5":{"start":{"line":8,"column":15},"end":{"line":8,"column":46}},"6":{"start":{"line":10,"column":18},"end":{"line":10,"column":23}},"7":{"start":{"line":11,"column":19},"end":{"line":18,"column":5}},"8":{"start":{"line":13,"column":12},"end":{"line":13,"column":27}},"9":{"start":{"line":16,"column":12},"end":{"line":16,"column":28}},"10":{"start":{"line":19,"column":4},"end":{"line":32,"column":5}},"11":{"start":{"line":20,"column":8},"end":{"line":26,"column":11}},"12":{"start":{"line":21,"column":12},"end":{"line":25,"column":14}},"13":{"start":{"line":22,"column":16},"end":{"line":24,"column":17}},"14":{"start":{"line":23,"column":20},"end":{"line":23,"column":75}},"15":{"start":{"line":29,"column":8},"end":{"line":31,"column":11}},"16":{"start":{"line":30,"column":12},"end":{"line":30,"column":44}},"17":{"start":{"line":30,"column":34},"end":{"line":30,"column":43}},"18":{"start":{"line":33,"column":4},"end":{"line":33,"column":18}},"19":{"start":{"line":35,"column":15},"end":{"line":35,"column":69}},"20":{"start":{"line":36,"column":0},"end":{"line":36,"column":24}}},"fnMap":{"0":{"name":"makeLogger","decl":{"start":{"line":9,"column":9},"end":{"line":9,"column":19}},"loc":{"start":{"line":9,"column":22},"end":{"line":34,"column":1}},"line":9},"1":{"name":"(anonymous_1)","decl":{"start":{"line":12,"column":8},"end":{"line":12,"column":9}},"loc":{"start":{"line":12,"column":18},"end":{"line":14,"column":9}},"line":12},"2":{"name":"(anonymous_2)","decl":{"start":{"line":15,"column":8},"end":{"line":15,"column":9}},"loc":{"start":{"line":15,"column":17},"end":{"line":17,"column":9}},"line":15},"3":{"name":"(anonymous_3)","decl":{"start":{"line":20,"column":39},"end":{"line":20,"column":40}},"loc":{"start":{"line":20,"column":48},"end":{"line":26,"column":9}},"line":20},"4":{"name":"(anonymous_4)","decl":{"start":{"line":21,"column":28},"end":{"line":21,"column":29}},"loc":{"start":{"line":21,"column":41},"end":{"line":25,"column":13}},"line":21},"5":{"name":"(anonymous_5)","decl":{"start":{"line":29,"column":39},"end":{"line":29,"column":40}},"loc":{"start":{"line":29,"column":48},"end":{"line":31,"column":9}},"line":29},"6":{"name":"(anonymous_6)","decl":{"start":{"line":30,"column":28},"end":{"line":30,"column":29}},"loc":{"start":{"line":30,"column":34},"end":{"line":30,"column":43}},"line":30}},"branchMap":{"0":{"loc":{"start":{"line":19,"column":4},"end":{"line":32,"column":5}},"type":"if","locations":[{"start":{"line":19,"column":4},"end":{"line":32,"column":5}},{"start":{"line":28,"column":9},"end":{"line":32,"column":5}}],"line":19},"1":{"loc":{"start":{"line":22,"column":16},"end":{"line":24,"column":17}},"type":"if","locations":[{"start":{"line":22,"column":16},"end":{"line":24,"column":17}},{"start":{},"end":{}}],"line":22}},"s":{"0":3,"1":3,"2":3,"3":3,"4":3,"5":3,"6":3,"7":3,"8":0,"9":0,"10":3,"11":3,"12":12,"13":0,"14":0,"15":0,"16":0,"17":0,"18":3,"19":3,"20":3},"f":{"0":3,"1":0,"2":0,"3":12,"4":0,"5":0,"6":0},"b":{"0":[3,0],"1":[0,0]},"_coverageSchema":"1a1c01bbd47fc00a2c39e90264f33305004495a9","hash":"7ee39088dffb08bb34944dcb920ee79648a30410"}
,"C:\\Users\\zw\\workspace\\monitor\\packages\\utils\\src\\object.ts": {"path":"C:\\Users\\zw\\workspace\\monitor\\packages\\utils\\src\\object.ts","statementMap":{"0":{"start":{"line":2,"column":0},"end":{"line":2,"column":62}},"1":{"start":{"line":3,"column":0},"end":{"line":3,"column":78}},"2":{"start":{"line":5,"column":13},"end":{"line":5,"column":28}},"3":{"start":{"line":7,"column":18},"end":{"line":7,"column":42}},"4":{"start":{"line":8,"column":4},"end":{"line":8,"column":51}},"5":{"start":{"line":10,"column":0},"end":{"line":10,"column":50}},"6":{"start":{"line":12,"column":4},"end":{"line":14,"column":5}},"7":{"start":{"line":13,"column":8},"end":{"line":13,"column":15}},"8":{"start":{"line":15,"column":21},"end":{"line":15,"column":33}},"9":{"start":{"line":16,"column":20},"end":{"line":16,"column":48}},"10":{"start":{"line":17,"column":4},"end":{"line":22,"column":5}},"11":{"start":{"line":18,"column":8},"end":{"line":21,"column":21}},"12":{"start":{"line":19,"column":12},"end":{"line":19,"column":51}},"13":{"start":{"line":23,"column":4},"end":{"line":23,"column":27}},"14":{"start":{"line":25,"column":0},"end":{"line":25,"column":20}},"15":{"start":{"line":26,"column":28},"end":{"line":26,"column":41}},"16":{"start":{"line":28,"column":4},"end":{"line":36,"column":5}},"17":{"start":{"line":29,"column":8},"end":{"line":31,"column":9}},"18":{"start":{"line":30,"column":12},"end":{"line":30,"column":39}},"19":{"start":{"line":32,"column":8},"end":{"line":32,"column":46}},"20":{"start":{"line":35,"column":8},"end":{"line":35,"column":35}},"21":{"start":{"line":38,"column":0},"end":{"line":38,"column":42}}},"fnMap":{"0":{"name":"markFunctionWrapped","decl":{"start":{"line":6,"column":9},"end":{"line":6,"column":28}},"loc":{"start":{"line":6,"column":48},"end":{"line":9,"column":1}},"line":6},"1":{"name":"fill","decl":{"start":{"line":11,"column":9},"end":{"line":11,"column":13}},"loc":{"start":{"line":11,"column":48},"end":{"line":24,"column":1}},"line":11},"2":{"name":"getFunctionName","decl":{"start":{"line":27,"column":9},"end":{"line":27,"column":24}},"loc":{"start":{"line":27,"column":29},"end":{"line":37,"column":1}},"line":27}},"branchMap":{"0":{"loc":{"start":{"line":7,"column":18},"end":{"line":7,"column":42}},"type":"binary-expr","locations":[{"start":{"line":7,"column":18},"end":{"line":7,"column":36}},{"start":{"line":7,"column":40},"end":{"line":7,"column":42}}],"line":7},"1":{"loc":{"start":{"line":12,"column":4},"end":{"line":14,"column":5}},"type":"if","locations":[{"start":{"line":12,"column":4},"end":{"line":14,"column":5}},{"start":{},"end":{}}],"line":12},"2":{"loc":{"start":{"line":17,"column":4},"end":{"line":22,"column":5}},"type":"if","locations":[{"start":{"line":17,"column":4},"end":{"line":22,"column":5}},{"start":{},"end":{}}],"line":17},"3":{"loc":{"start":{"line":29,"column":8},"end":{"line":31,"column":9}},"type":"if","locations":[{"start":{"line":29,"column":8},"end":{"line":31,"column":9}},{"start":{},"end":{}}],"line":29},"4":{"loc":{"start":{"line":29,"column":12},"end":{"line":29,"column":43}},"type":"binary-expr","locations":[{"start":{"line":29,"column":12},"end":{"line":29,"column":15}},{"start":{"line":29,"column":19},"end":{"line":29,"column":43}}],"line":29},"5":{"loc":{"start":{"line":32,"column":15},"end":{"line":32,"column":45}},"type":"binary-expr","locations":[{"start":{"line":32,"column":15},"end":{"line":32,"column":22}},{"start":{"line":32,"column":26},"end":{"line":32,"column":45}}],"line":32}},"s":{"0":3,"1":3,"2":3,"3":2,"4":2,"5":3,"6":2,"7":0,"8":2,"9":2,"10":2,"11":2,"12":2,"13":2,"14":3,"15":3,"16":0,"17":0,"18":0,"19":0,"20":0,"21":3},"f":{"0":2,"1":2,"2":0},"b":{"0":[2,2],"1":[0,2],"2":[2,0],"3":[0,0],"4":[0,0],"5":[0,0]},"_coverageSchema":"1a1c01bbd47fc00a2c39e90264f33305004495a9","hash":"d160bf1d825ed8c40ca851f7f89815c87e000bb3"}
,"C:\\Users\\zw\\workspace\\monitor\\packages\\utils\\src\\promiseBuffer.ts": {"path":"C:\\Users\\zw\\workspace\\monitor\\packages\\utils\\src\\promiseBuffer.ts","statementMap":{"0":{"start":{"line":2,"column":0},"end":{"line":2,"column":62}},"1":{"start":{"line":3,"column":0},"end":{"line":3,"column":35}},"2":{"start":{"line":4,"column":16},"end":{"line":4,"column":34}},"3":{"start":{"line":6,"column":19},"end":{"line":6,"column":21}},"4":{"start":{"line":8,"column":8},"end":{"line":8,"column":60}},"5":{"start":{"line":11,"column":8},"end":{"line":11,"column":57}},"6":{"start":{"line":14,"column":21},"end":{"line":14,"column":35}},"7":{"start":{"line":15,"column":8},"end":{"line":17,"column":9}},"8":{"start":{"line":16,"column":12},"end":{"line":16,"column":86}},"9":{"start":{"line":18,"column":8},"end":{"line":20,"column":9}},"10":{"start":{"line":19,"column":12},"end":{"line":19,"column":30}},"11":{"start":{"line":21,"column":8},"end":{"line":26,"column":11}},"12":{"start":{"line":22,"column":24},"end":{"line":22,"column":36}},"13":{"start":{"line":25,"column":12},"end":{"line":25,"column":47}},"14":{"start":{"line":27,"column":8},"end":{"line":27,"column":20}},"15":{"start":{"line":30,"column":8},"end":{"line":48,"column":11}},"16":{"start":{"line":31,"column":26},"end":{"line":31,"column":39}},"17":{"start":{"line":32,"column":12},"end":{"line":34,"column":13}},"18":{"start":{"line":33,"column":16},"end":{"line":33,"column":37}},"19":{"start":{"line":35,"column":39},"end":{"line":39,"column":23}},"20":{"start":{"line":36,"column":16},"end":{"line":38,"column":17}},"21":{"start":{"line":37,"column":20},"end":{"line":37,"column":35}},"22":{"start":{"line":40,"column":12},"end":{"line":47,"column":15}},"23":{"start":{"line":41,"column":16},"end":{"line":46,"column":27}},"24":{"start":{"line":42,"column":20},"end":{"line":45,"column":21}},"25":{"start":{"line":43,"column":24},"end":{"line":43,"column":57}},"26":{"start":{"line":44,"column":24},"end":{"line":44,"column":38}},"27":{"start":{"line":50,"column":4},"end":{"line":54,"column":6}},"28":{"start":{"line":56,"column":0},"end":{"line":56,"column":46}}},"fnMap":{"0":{"name":"makePromiseBuffer","decl":{"start":{"line":5,"column":9},"end":{"line":5,"column":26}},"loc":{"start":{"line":5,"column":34},"end":{"line":55,"column":1}},"line":5},"1":{"name":"isReady","decl":{"start":{"line":7,"column":13},"end":{"line":7,"column":20}},"loc":{"start":{"line":7,"column":23},"end":{"line":9,"column":5}},"line":7},"2":{"name":"remove","decl":{"start":{"line":10,"column":13},"end":{"line":10,"column":19}},"loc":{"start":{"line":10,"column":26},"end":{"line":12,"column":5}},"line":10},"3":{"name":"add","decl":{"start":{"line":13,"column":13},"end":{"line":13,"column":16}},"loc":{"start":{"line":13,"column":31},"end":{"line":28,"column":5}},"line":13},"4":{"name":"(anonymous_4)","decl":{"start":{"line":22,"column":18},"end":{"line":22,"column":19}},"loc":{"start":{"line":22,"column":24},"end":{"line":22,"column":36}},"line":22},"5":{"name":"(anonymous_5)","decl":{"start":{"line":23,"column":24},"end":{"line":23,"column":25}},"loc":{"start":{"line":23,"column":30},"end":{"line":26,"column":9}},"line":23},"6":{"name":"(anonymous_6)","decl":{"start":{"line":25,"column":36},"end":{"line":25,"column":37}},"loc":{"start":{"line":25,"column":42},"end":{"line":25,"column":45}},"line":25},"7":{"name":"drain","decl":{"start":{"line":29,"column":13},"end":{"line":29,"column":18}},"loc":{"start":{"line":29,"column":28},"end":{"line":49,"column":5}},"line":29},"8":{"name":"(anonymous_8)","decl":{"start":{"line":30,"column":27},"end":{"line":30,"column":28}},"loc":{"start":{"line":30,"column":48},"end":{"line":48,"column":9}},"line":30},"9":{"name":"(anonymous_9)","decl":{"start":{"line":35,"column":50},"end":{"line":35,"column":51}},"loc":{"start":{"line":35,"column":56},"end":{"line":39,"column":13}},"line":35},"10":{"name":"(anonymous_10)","decl":{"start":{"line":40,"column":27},"end":{"line":40,"column":28}},"loc":{"start":{"line":40,"column":37},"end":{"line":47,"column":13}},"line":40},"11":{"name":"(anonymous_11)","decl":{"start":{"line":41,"column":26},"end":{"line":41,"column":27}},"loc":{"start":{"line":41,"column":32},"end":{"line":46,"column":17}},"line":41}},"branchMap":{"0":{"loc":{"start":{"line":8,"column":15},"end":{"line":8,"column":59}},"type":"binary-expr","locations":[{"start":{"line":8,"column":15},"end":{"line":8,"column":34}},{"start":{"line":8,"column":38},"end":{"line":8,"column":59}}],"line":8},"1":{"loc":{"start":{"line":15,"column":8},"end":{"line":17,"column":9}},"type":"if","locations":[{"start":{"line":15,"column":8},"end":{"line":17,"column":9}},{"start":{},"end":{}}],"line":15},"2":{"loc":{"start":{"line":18,"column":8},"end":{"line":20,"column":9}},"type":"if","locations":[{"start":{"line":18,"column":8},"end":{"line":20,"column":9}},{"start":{},"end":{}}],"line":18},"3":{"loc":{"start":{"line":32,"column":12},"end":{"line":34,"column":13}},"type":"if","locations":[{"start":{"line":32,"column":12},"end":{"line":34,"column":13}},{"start":{},"end":{}}],"line":32},"4":{"loc":{"start":{"line":36,"column":16},"end":{"line":38,"column":17}},"type":"if","locations":[{"start":{"line":36,"column":16},"end":{"line":38,"column":17}},{"start":{},"end":{}}],"line":36},"5":{"loc":{"start":{"line":36,"column":20},"end":{"line":36,"column":42}},"type":"binary-expr","locations":[{"start":{"line":36,"column":20},"end":{"line":36,"column":27}},{"start":{"line":36,"column":31},"end":{"line":36,"column":42}}],"line":36},"6":{"loc":{"start":{"line":42,"column":20},"end":{"line":45,"column":21}},"type":"if","locations":[{"start":{"line":42,"column":20},"end":{"line":45,"column":21}},{"start":{},"end":{}}],"line":42}},"s":{"0":3,"1":3,"2":3,"3":1,"4":0,"5":0,"6":1,"7":0,"8":0,"9":0,"10":0,"11":0,"12":0,"13":0,"14":0,"15":0,"16":0,"17":0,"18":0,"19":0,"20":0,"21":0,"22":0,"23":0,"24":0,"25":0,"26":0,"27":1,"28":3},"f":{"0":1,"1":0,"2":0,"3":1,"4":0,"5":0,"6":0,"7":0,"8":0,"9":0,"10":0,"11":0},"b":{"0":[0,0],"1":[0,0],"2":[0,0],"3":[0,0],"4":[0,0],"5":[0,0],"6":[0,0]},"_coverageSchema":"1a1c01bbd47fc00a2c39e90264f33305004495a9","hash":"1ef483ee78a548150cc98caa5e8d1bff95fdeac0"}
,"C:\\Users\\zw\\workspace\\monitor\\packages\\utils\\src\\stacktrace.ts": {"path":"C:\\Users\\zw\\workspace\\monitor\\packages\\utils\\src\\stacktrace.ts","statementMap":{"0":{"start":{"line":2,"column":0},"end":{"line":2,"column":62}},"1":{"start":{"line":3,"column":0},"end":{"line":3,"column":79}},"2":{"start":{"line":4,"column":25},"end":{"line":4,"column":27}},"3":{"start":{"line":6,"column":4},"end":{"line":17,"column":6}},"4":{"start":{"line":7,"column":23},"end":{"line":7,"column":25}},"5":{"start":{"line":8,"column":8},"end":{"line":15,"column":9}},"6":{"start":{"line":9,"column":12},"end":{"line":14,"column":13}},"7":{"start":{"line":10,"column":30},"end":{"line":10,"column":42}},"8":{"start":{"line":11,"column":16},"end":{"line":13,"column":17}},"9":{"start":{"line":12,"column":20},"end":{"line":12,"column":39}},"10":{"start":{"line":16,"column":8},"end":{"line":16,"column":51}},"11":{"start":{"line":19,"column":0},"end":{"line":19,"column":46}},"12":{"start":{"line":21,"column":4},"end":{"line":21,"column":40}},"13":{"start":{"line":23,"column":0},"end":{"line":23,"column":78}},"14":{"start":{"line":25,"column":4},"end":{"line":27,"column":5}},"15":{"start":{"line":26,"column":8},"end":{"line":26,"column":18}},"16":{"start":{"line":28,"column":23},"end":{"line":28,"column":29}},"17":{"start":{"line":29,"column":4},"end":{"line":32,"column":19}},"18":{"start":{"line":31,"column":23},"end":{"line":31,"column":159}}},"fnMap":{"0":{"name":"createStackParser","decl":{"start":{"line":5,"column":9},"end":{"line":5,"column":26}},"loc":{"start":{"line":5,"column":39},"end":{"line":18,"column":1}},"line":5},"1":{"name":"stackParser","decl":{"start":{"line":6,"column":20},"end":{"line":6,"column":31}},"loc":{"start":{"line":6,"column":59},"end":{"line":17,"column":5}},"line":6},"2":{"name":"stackParserFromStackParserOptions","decl":{"start":{"line":20,"column":9},"end":{"line":20,"column":42}},"loc":{"start":{"line":20,"column":51},"end":{"line":22,"column":1}},"line":20},"3":{"name":"stripSentryFramesAndReverse","decl":{"start":{"line":24,"column":9},"end":{"line":24,"column":36}},"loc":{"start":{"line":24,"column":45},"end":{"line":33,"column":1}},"line":24},"4":{"name":"(anonymous_4)","decl":{"start":{"line":31,"column":13},"end":{"line":31,"column":14}},"loc":{"start":{"line":31,"column":23},"end":{"line":31,"column":159}},"line":31}},"branchMap":{"0":{"loc":{"start":{"line":6,"column":32},"end":{"line":6,"column":42}},"type":"default-arg","locations":[{"start":{"line":6,"column":40},"end":{"line":6,"column":42}}],"line":6},"1":{"loc":{"start":{"line":6,"column":44},"end":{"line":6,"column":57}},"type":"default-arg","locations":[{"start":{"line":6,"column":56},"end":{"line":6,"column":57}}],"line":6},"2":{"loc":{"start":{"line":11,"column":16},"end":{"line":13,"column":17}},"type":"if","locations":[{"start":{"line":11,"column":16},"end":{"line":13,"column":17}},{"start":{},"end":{}}],"line":11},"3":{"loc":{"start":{"line":25,"column":4},"end":{"line":27,"column":5}},"type":"if","locations":[{"start":{"line":25,"column":4},"end":{"line":27,"column":5}},{"start":{},"end":{}}],"line":25},"4":{"loc":{"start":{"line":31,"column":75},"end":{"line":31,"column":115}},"type":"binary-expr","locations":[{"start":{"line":31,"column":75},"end":{"line":31,"column":89}},{"start":{"line":31,"column":93},"end":{"line":31,"column":115}}],"line":31},"5":{"loc":{"start":{"line":31,"column":131},"end":{"line":31,"column":156}},"type":"binary-expr","locations":[{"start":{"line":31,"column":131},"end":{"line":31,"column":149}},{"start":{"line":31,"column":153},"end":{"line":31,"column":156}}],"line":31}},"s":{"0":3,"1":3,"2":3,"3":0,"4":0,"5":0,"6":0,"7":0,"8":0,"9":0,"10":0,"11":3,"12":0,"13":3,"14":0,"15":0,"16":0,"17":0,"18":0},"f":{"0":0,"1":0,"2":0,"3":0,"4":0},"b":{"0":[0],"1":[0],"2":[0,0],"3":[0,0],"4":[0,0],"5":[0,0]},"_coverageSchema":"1a1c01bbd47fc00a2c39e90264f33305004495a9","hash":"0ae74fd2aefe4cdbcef682c673ea11a5355c90c2"}
,"C:\\Users\\zw\\workspace\\monitor\\packages\\utils\\src\\supports.ts": {"path":"C:\\Users\\zw\\workspace\\monitor\\packages\\utils\\src\\supports.ts","statementMap":{"0":{"start":{"line":2,"column":0},"end":{"line":2,"column":62}},"1":{"start":{"line":3,"column":0},"end":{"line":3,"column":31}},"2":{"start":{"line":4,"column":17},"end":{"line":4,"column":36}},"3":{"start":{"line":6,"column":4},"end":{"line":8,"column":5}},"4":{"start":{"line":7,"column":8},"end":{"line":7,"column":21}},"5":{"start":{"line":9,"column":4},"end":{"line":17,"column":5}},"6":{"start":{"line":10,"column":8},"end":{"line":10,"column":22}},"7":{"start":{"line":11,"column":8},"end":{"line":11,"column":24}},"8":{"start":{"line":12,"column":8},"end":{"line":12,"column":23}},"9":{"start":{"line":13,"column":8},"end":{"line":13,"column":20}},"10":{"start":{"line":16,"column":8},"end":{"line":16,"column":21}},"11":{"start":{"line":19,"column":0},"end":{"line":19,"column":38}}},"fnMap":{"0":{"name":"supportsFetch","decl":{"start":{"line":5,"column":9},"end":{"line":5,"column":22}},"loc":{"start":{"line":5,"column":25},"end":{"line":18,"column":1}},"line":5}},"branchMap":{"0":{"loc":{"start":{"line":6,"column":4},"end":{"line":8,"column":5}},"type":"if","locations":[{"start":{"line":6,"column":4},"end":{"line":8,"column":5}},{"start":{},"end":{}}],"line":6}},"s":{"0":3,"1":3,"2":3,"3":0,"4":0,"5":0,"6":0,"7":0,"8":0,"9":0,"10":0,"11":3},"f":{"0":0},"b":{"0":[0,0]},"_coverageSchema":"1a1c01bbd47fc00a2c39e90264f33305004495a9","hash":"abec92cb6649f47ac243beaa1045711c8c0eab0d"}
}
