TN:
SF:packages\browser\src\core\config.ts
FN:2,(anonymous_0)
FN:6,(anonymous_1)
FN:9,(anonymous_2)
FN:13,(anonymous_3)
FN:15,(anonymous_4)
FN:18,(anonymous_5)
FN:28,findPlugin
FN:31,(anonymous_7)
FN:40,getPluginName
FN:47,(anonymous_9)
FN:54,(anonymous_10)
FN:55,(anonymous_11)
FN:58,initConfig
FN:64,(anonymous_13)
FN:65,(anonymous_14)
FN:66,(anonymous_15)
FNF:16
FNH:11
FNDA:0,(anonymous_0)
FNDA:0,(anonymous_1)
FNDA:0,(anonymous_2)
FNDA:0,(anonymous_3)
FNDA:0,(anonymous_4)
FNDA:1,(anonymous_5)
FNDA:2,findPlugin
FNDA:34,(anonymous_7)
FNDA:6,getPluginName
FNDA:16,(anonymous_9)
FNDA:19,(anonymous_10)
FNDA:19,(anonymous_11)
FNDA:2,initConfig
FNDA:6,(anonymous_13)
FNDA:6,(anonymous_14)
FNDA:7,(anonymous_15)
DA:2,1
DA:3,0
DA:4,0
DA:5,0
DA:6,0
DA:8,0
DA:10,0
DA:11,0
DA:13,1
DA:14,0
DA:16,0
DA:18,1
DA:19,1
DA:20,0
DA:21,0
DA:22,0
DA:23,0
DA:25,1
DA:26,1
DA:27,1
DA:29,2
DA:30,2
DA:31,2
DA:32,34
DA:33,34
DA:34,19
DA:37,2
DA:41,6
DA:42,6
DA:43,1
DA:45,6
DA:46,3
DA:47,3
DA:48,16
DA:49,16
DA:51,3
DA:53,6
DA:54,19
DA:55,19
DA:56,6
DA:59,2
DA:60,2
DA:63,2
DA:64,6
DA:65,6
DA:66,7
DA:67,2
DA:68,2
DA:69,2
DA:71,2
DA:73,1
LF:51
LH:38
BRDA:2,0,0,1
BRDA:2,0,1,1
BRDA:2,0,2,1
BRDA:2,1,0,1
BRDA:2,1,1,0
BRDA:3,2,0,0
BRDA:3,2,1,0
BRDA:5,3,0,0
BRDA:5,3,1,0
BRDA:5,4,0,0
BRDA:5,4,1,0
BRDA:5,5,0,0
BRDA:5,5,1,0
BRDA:5,6,0,0
BRDA:5,6,1,0
BRDA:10,7,0,0
BRDA:10,7,1,0
BRDA:13,8,0,1
BRDA:13,8,1,1
BRDA:13,8,2,1
BRDA:13,9,0,1
BRDA:13,9,1,0
BRDA:18,10,0,1
BRDA:18,10,1,1
BRDA:18,10,2,1
BRDA:19,11,0,1
BRDA:19,11,1,0
BRDA:19,12,0,1
BRDA:19,12,1,1
BRDA:21,13,0,0
BRDA:21,13,1,0
BRDA:21,14,0,0
BRDA:21,14,1,0
BRDA:21,15,0,0
BRDA:21,15,1,0
BRDA:28,16,0,0
BRDA:33,17,0,19
BRDA:33,17,1,15
BRDA:40,18,0,0
BRDA:42,19,0,1
BRDA:42,19,1,5
BRDA:45,20,0,3
BRDA:45,20,1,3
BRDA:68,21,0,2
BRDA:68,21,1,0
BRF:45
BRH:21
end_of_record
TN:
SF:packages\browser\src\core\error.ts
FN:7,(anonymous_0)
FNF:1
FNH:1
FNDA:5,(anonymous_0)
DA:2,1
DA:3,1
DA:4,1
DA:5,1
DA:11,5
DA:12,3
DA:13,3
DA:16,2
DA:18,1
DA:19,1
DA:23,1
DA:24,1
DA:25,1
DA:27,0
DA:30,5
DA:31,5
DA:32,2
DA:34,3
DA:35,3
DA:38,1
LF:20
LH:19
BRDA:11,0,0,3
BRDA:11,0,1,2
BRDA:16,1,0,1
BRDA:16,1,1,0
BRDA:16,1,2,1
BRDA:16,1,3,1
BRDA:16,1,4,0
BRDA:18,2,0,0
BRDA:18,2,1,1
BRDA:18,3,0,1
BRDA:18,3,1,1
BRDA:24,4,0,1
BRDA:24,4,1,0
BRDA:31,5,0,2
BRDA:31,5,1,3
BRF:15
BRH:11
end_of_record
TN:
SF:packages\browser\src\core\sender.ts
FN:7,createFetchSender
FN:8,(anonymous_1)
FN:20,createXHRSender
FN:21,(anonymous_3)
FN:22,(anonymous_4)
FN:31,(anonymous_5)
FNF:6
FNH:6
FNDA:1,createFetchSender
FNDA:1,(anonymous_1)
FNDA:1,createXHRSender
FNDA:1,(anonymous_3)
FNDA:1,(anonymous_4)
FNDA:1,(anonymous_5)
DA:2,1
DA:3,1
DA:4,1
DA:5,1
DA:6,1
DA:8,1
DA:9,1
DA:15,1
DA:17,1
DA:19,1
DA:21,1
DA:22,1
DA:23,1
DA:24,1
DA:25,1
DA:26,0
DA:27,0
DA:30,1
DA:31,1
DA:32,1
DA:33,1
DA:36,1
DA:39,1
DA:41,1
LF:24
LH:22
BRDA:26,0,0,0
BRDA:26,0,1,0
BRDA:32,1,0,1
BRDA:32,1,1,0
BRF:4
BRH:1
end_of_record
TN:
SF:packages\browser\src\core\stack-parsers.ts
FN:7,chrome
FNF:1
FNH:1
FNDA:15,chrome
DA:2,1
DA:3,1
DA:4,1
DA:6,1
DA:8,15
DA:9,15
DA:10,3
DA:11,12
DA:12,12
DA:13,12
DA:14,12
DA:15,12
DA:21,12
DA:24,1
DA:25,1
LF:15
LH:15
BRDA:9,0,0,3
BRDA:9,0,1,12
BRDA:12,1,0,12
BRDA:12,1,1,3
BRDA:13,2,0,12
BRDA:13,2,1,1
BRDA:14,3,0,12
BRDA:14,3,1,1
BRF:8
BRH:8
end_of_record
TN:
SF:packages\browser\src\plugins\index.ts
FN:2,(anonymous_0)
FN:6,(anonymous_1)
FN:9,(anonymous_2)
FN:13,(anonymous_3)
FNF:4
FNH:3
FNDA:17,(anonymous_0)
FNDA:36,(anonymous_1)
FNDA:0,(anonymous_2)
FNDA:4,(anonymous_3)
DA:2,1
DA:3,17
DA:4,17
DA:5,17
DA:6,36
DA:8,17
DA:10,0
DA:11,0
DA:13,1
DA:14,17
DA:16,1
DA:17,1
DA:18,1
DA:19,1
DA:20,1
LF:15
LH:13
BRDA:2,0,0,1
BRDA:2,0,1,1
BRDA:2,0,2,1
BRDA:2,1,0,1
BRDA:2,1,1,0
BRDA:3,2,0,17
BRDA:3,2,1,0
BRDA:5,3,0,17
BRDA:5,3,1,0
BRDA:5,4,0,17
BRDA:5,4,1,17
BRDA:5,5,0,0
BRDA:5,5,1,17
BRDA:5,6,0,17
BRDA:5,6,1,0
BRDA:10,7,0,0
BRDA:10,7,1,0
BRDA:13,8,0,1
BRDA:13,8,1,1
BRDA:13,8,2,1
BRDA:14,9,0,17
BRDA:14,9,1,0
BRDA:14,10,0,17
BRDA:14,10,1,17
BRF:24
BRH:16
end_of_record
TN:
SF:packages\browser\src\plugins\behavior\index.ts
FN:8,(anonymous_0)
FN:9,(anonymous_1)
FN:28,(anonymous_2)
FN:29,(anonymous_3)
FN:43,(anonymous_4)
FN:44,(anonymous_5)
FN:66,(anonymous_6)
FN:67,(anonymous_7)
FN:95,(anonymous_8)
FN:96,(anonymous_9)
FN:110,(anonymous_10)
FN:120,(anonymous_11)
FNF:12
FNH:6
FNDA:0,(anonymous_0)
FNDA:0,(anonymous_1)
FNDA:0,(anonymous_2)
FNDA:0,(anonymous_3)
FNDA:0,(anonymous_4)
FNDA:0,(anonymous_5)
FNDA:1,(anonymous_6)
FNDA:1,(anonymous_7)
FNDA:1,(anonymous_8)
FNDA:2,(anonymous_9)
FNDA:1,(anonymous_10)
FNDA:1,(anonymous_11)
DA:2,2
DA:3,2
DA:4,2
DA:5,2
DA:6,2
DA:9,0
DA:10,0
DA:19,0
DA:21,0
DA:22,0
DA:23,0
DA:26,2
DA:29,0
DA:30,0
DA:35,0
DA:37,0
DA:38,0
DA:41,2
DA:44,0
DA:45,0
DA:58,0
DA:60,0
DA:61,0
DA:64,2
DA:67,1
DA:68,1
DA:69,1
DA:70,0
DA:72,1
DA:73,1
DA:87,1
DA:89,1
DA:92,2
DA:93,2
DA:96,1
DA:97,2
DA:98,2
DA:99,2
DA:101,2
DA:108,1
DA:109,1
DA:110,1
DA:111,1
DA:120,1
DA:121,1
DA:122,1
DA:123,1
DA:125,1
DA:132,1
LF:49
LH:32
BRDA:68,0,0,1
BRDA:68,0,1,0
BRDA:69,1,0,0
BRDA:69,1,1,1
BRF:4
BRH:2
end_of_record
TN:
SF:packages\browser\src\plugins\breadcrumb\index.ts
FN:5,init
FN:14,initRoute
FN:16,(anonymous_2)
FN:26,initClick
FN:27,(anonymous_4)
FN:40,initAjax
FN:41,(anonymous_6)
FNF:7
FNH:0
FNDA:0,init
FNDA:0,initRoute
FNDA:0,(anonymous_2)
FNDA:0,initClick
FNDA:0,(anonymous_4)
FNDA:0,initAjax
FNDA:0,(anonymous_6)
DA:2,1
DA:3,1
DA:4,1
DA:7,0
DA:9,0
DA:11,0
DA:16,0
DA:17,0
DA:21,0
DA:23,0
DA:24,0
DA:27,0
DA:28,0
DA:29,0
DA:30,0
DA:32,0
DA:36,0
DA:38,0
DA:41,0
DA:42,0
DA:53,0
DA:55,0
DA:56,0
DA:58,1
LF:24
LH:4
BRDA:28,0,0,0
BRDA:28,0,1,0
BRDA:29,1,0,0
BRDA:29,1,1,0
BRDA:43,2,0,0
BRDA:43,2,1,0
BRDA:44,3,0,0
BRDA:44,3,1,0
BRF:8
BRH:0
end_of_record
TN:
SF:packages\browser\src\plugins\error\index.ts
FN:8,(anonymous_0)
FN:9,(anonymous_1)
FN:20,(anonymous_2)
FN:28,(anonymous_3)
FN:29,(anonymous_4)
FN:55,(anonymous_5)
FN:57,(anonymous_6)
FN:75,(anonymous_7)
FN:79,(anonymous_8)
FNF:9
FNH:0
FNDA:0,(anonymous_0)
FNDA:0,(anonymous_1)
FNDA:0,(anonymous_2)
FNDA:0,(anonymous_3)
FNDA:0,(anonymous_4)
FNDA:0,(anonymous_5)
FNDA:0,(anonymous_6)
FNDA:0,(anonymous_7)
FNDA:0,(anonymous_8)
DA:2,1
DA:3,1
DA:4,1
DA:5,1
DA:6,1
DA:9,0
DA:10,0
DA:11,0
DA:12,0
DA:15,0
DA:16,0
DA:20,1
DA:21,0
DA:22,0
DA:23,0
DA:24,0
DA:26,1
DA:29,0
DA:30,0
DA:31,0
DA:33,0
DA:34,0
DA:36,0
DA:37,0
DA:48,0
DA:53,1
DA:56,0
DA:57,0
DA:59,0
DA:66,0
DA:67,0
DA:68,0
DA:73,1
DA:76,0
DA:77,0
DA:79,0
DA:80,0
DA:81,0
DA:82,0
DA:83,0
DA:84,0
DA:87,0
DA:92,0
DA:94,0
DA:103,0
LF:45
LH:9
BRDA:11,0,0,0
BRDA:11,0,1,0
BRDA:11,1,0,0
BRDA:11,1,1,0
BRDA:22,2,0,0
BRDA:22,2,1,0
BRDA:24,3,0,0
BRDA:24,3,1,0
BRDA:30,4,0,0
BRDA:30,4,1,0
BRDA:33,5,0,0
BRDA:33,5,1,0
BRDA:62,6,0,0
BRDA:62,6,1,0
BRDA:62,7,0,0
BRDA:62,7,1,0
BRDA:63,8,0,0
BRDA:63,8,1,0
BRDA:63,9,0,0
BRDA:63,9,1,0
BRDA:67,10,0,0
BRDA:67,10,1,0
BRDA:76,11,0,0
BRDA:76,11,1,0
BRDA:82,12,0,0
BRDA:82,12,1,0
BRDA:82,13,0,0
BRDA:82,13,1,0
BRDA:84,14,0,0
BRDA:84,14,1,0
BRDA:92,15,0,0
BRDA:92,15,1,0
BRF:32
BRH:0
end_of_record
TN:
SF:packages\browser\src\plugins\performance\index.ts
FN:10,(anonymous_0)
FN:11,(anonymous_1)
FN:12,(anonymous_2)
FN:27,(anonymous_3)
FN:28,(anonymous_4)
FN:41,(anonymous_5)
FN:42,(anonymous_6)
FN:43,(anonymous_7)
FN:57,(anonymous_8)
FN:58,(anonymous_9)
FN:71,(anonymous_10)
FN:72,(anonymous_11)
FN:101,(anonymous_12)
FN:102,(anonymous_13)
FN:152,filter
FN:155,isCache
FN:161,(anonymous_16)
FN:164,(anonymous_17)
FN:197,(anonymous_18)
FNF:19
FNH:0
FNDA:0,(anonymous_0)
FNDA:0,(anonymous_1)
FNDA:0,(anonymous_2)
FNDA:0,(anonymous_3)
FNDA:0,(anonymous_4)
FNDA:0,(anonymous_5)
FNDA:0,(anonymous_6)
FNDA:0,(anonymous_7)
FNDA:0,(anonymous_8)
FNDA:0,(anonymous_9)
FNDA:0,(anonymous_10)
FNDA:0,(anonymous_11)
FNDA:0,(anonymous_12)
FNDA:0,(anonymous_13)
FNDA:0,filter
FNDA:0,isCache
FNDA:0,(anonymous_16)
FNDA:0,(anonymous_17)
FNDA:0,(anonymous_18)
DA:2,1
DA:3,1
DA:5,1
DA:6,1
DA:8,1
DA:11,0
DA:12,0
DA:13,0
DA:19,0
DA:25,1
DA:28,0
DA:29,0
DA:35,0
DA:39,1
DA:42,0
DA:43,0
DA:44,0
DA:50,0
DA:55,1
DA:58,0
DA:59,0
DA:65,0
DA:69,1
DA:72,0
DA:73,0
DA:74,0
DA:75,0
DA:77,0
DA:85,0
DA:87,0
DA:88,0
DA:92,1
DA:99,1
DA:102,0
DA:103,0
DA:104,0
DA:105,0
DA:106,0
DA:107,0
DA:108,0
DA:110,0
DA:111,0
DA:112,0
DA:115,0
DA:119,0
DA:122,0
DA:135,0
DA:141,0
DA:146,1
DA:147,1
DA:148,1
DA:150,0
DA:153,0
DA:157,0
DA:159,1
DA:162,0
DA:164,0
DA:165,0
DA:166,0
DA:169,0
DA:170,0
DA:172,0
DA:189,0
DA:190,0
DA:191,0
DA:194,0
DA:195,0
DA:197,0
DA:198,0
DA:199,0
DA:201,0
DA:209,0
DA:212,0
LF:73
LH:15
BRDA:73,0,0,0
BRDA:73,0,1,0
BRDA:73,1,0,0
BRDA:73,1,1,0
BRDA:73,1,2,0
BRDA:81,2,0,0
BRDA:81,2,1,0
BRDA:81,2,2,0
BRDA:94,3,0,1
BRDA:94,3,1,1
BRDA:105,4,0,0
BRDA:105,4,1,0
BRDA:107,5,0,0
BRDA:107,5,1,0
BRDA:110,6,0,0
BRDA:110,6,1,0
BRDA:112,7,0,0
BRDA:112,7,1,0
BRDA:130,8,0,0
BRDA:130,8,1,0
BRDA:147,9,0,1
BRDA:147,9,1,0
BRDA:148,10,0,0
BRDA:148,10,1,1
BRDA:157,11,0,0
BRDA:157,11,1,0
BRDA:157,11,2,0
BRDA:165,12,0,0
BRDA:165,12,1,0
BRDA:169,13,0,0
BRDA:169,13,1,0
BRDA:169,14,0,0
BRDA:169,14,1,0
BRDA:189,15,0,0
BRDA:189,15,1,0
BRDA:198,16,0,0
BRDA:198,16,1,0
BRF:37
BRH:4
end_of_record
TN:
SF:packages\browser\src\types\browserInitOptions.ts
FNF:0
FNH:0
DA:2,2
LF:1
LH:1
BRF:0
BRH:0
end_of_record
TN:
SF:packages\browser\src\types\index.ts
FN:2,(anonymous_0)
FN:6,(anonymous_1)
FN:9,(anonymous_2)
FN:13,(anonymous_3)
FNF:4
FNH:3
FNDA:2,(anonymous_0)
FNDA:4,(anonymous_1)
FNDA:0,(anonymous_2)
FNDA:4,(anonymous_3)
DA:2,2
DA:3,2
DA:4,2
DA:5,2
DA:6,4
DA:8,2
DA:10,0
DA:11,0
DA:13,2
DA:14,4
DA:16,2
DA:17,2
DA:18,2
LF:13
LH:11
BRDA:2,0,0,2
BRDA:2,0,1,2
BRDA:2,0,2,2
BRDA:2,1,0,2
BRDA:2,1,1,0
BRDA:3,2,0,2
BRDA:3,2,1,0
BRDA:5,3,0,2
BRDA:5,3,1,0
BRDA:5,4,0,2
BRDA:5,4,1,2
BRDA:5,5,0,0
BRDA:5,5,1,2
BRDA:5,6,0,2
BRDA:5,6,1,0
BRDA:10,7,0,0
BRDA:10,7,1,0
BRDA:13,8,0,2
BRDA:13,8,1,2
BRDA:13,8,2,2
BRDA:14,9,0,2
BRDA:14,9,1,0
BRDA:14,10,0,2
BRDA:14,10,1,2
BRF:24
BRH:16
end_of_record
TN:
SF:packages\browser\src\types\metrics.ts
FN:5,(anonymous_0)
FNF:1
FNH:1
FNDA:2,(anonymous_0)
DA:2,2
DA:3,2
DA:5,2
DA:6,2
DA:7,2
DA:8,2
DA:9,2
DA:10,2
LF:8
LH:8
BRDA:11,0,0,2
BRDA:11,0,1,2
BRF:2
BRH:2
end_of_record
TN:
SF:packages\browser\src\utils\dom.ts
FN:9,proxyDomClick
FN:18,(anonymous_1)
FNF:2
FNH:2
FNDA:1,proxyDomClick
FNDA:1,(anonymous_1)
DA:2,2
DA:3,2
DA:4,2
DA:5,2
DA:6,2
DA:10,1
DA:11,1
DA:12,0
DA:14,1
DA:15,1
DA:16,0
DA:18,1
DA:21,1
DA:24,1
DA:26,2
LF:15
LH:13
BRDA:11,0,0,0
BRDA:11,0,1,1
BRDA:15,1,0,0
BRDA:15,1,1,1
BRF:4
BRH:2
end_of_record
TN:
SF:packages\browser\src\utils\global.ts
FNF:0
FNH:0
DA:2,2
DA:3,2
DA:4,2
DA:5,2
LF:4
LH:4
BRF:0
BRH:0
end_of_record
TN:
SF:packages\browser\src\utils\history.ts
FN:7,(anonymous_0)
FN:12,wrHistory
FN:15,(anonymous_2)
FN:16,(anonymous_3)
FN:17,(anonymous_4)
FN:29,proxyHistory
FN:30,(anonymous_6)
FN:31,(anonymous_7)
FN:37,proxyHash
FN:39,(anonymous_9)
FNF:10
FNH:6
FNDA:0,(anonymous_0)
FNDA:2,wrHistory
FNDA:4,(anonymous_2)
FNDA:4,(anonymous_3)
FNDA:0,(anonymous_4)
FNDA:1,proxyHistory
FNDA:0,(anonymous_6)
FNDA:0,(anonymous_7)
FNDA:1,proxyHash
FNDA:2,(anonymous_9)
DA:2,2
DA:3,2
DA:5,2
DA:6,2
DA:7,2
DA:8,0
DA:9,0
DA:11,2
DA:13,2
DA:14,2
DA:15,2
DA:16,4
DA:17,4
DA:20,0
DA:21,0
DA:22,0
DA:28,2
DA:30,1
DA:31,1
DA:33,2
DA:39,2
DA:41,2
LF:22
LH:17
BRDA:14,0,0,2
BRDA:14,0,1,0
BRDA:28,1,0,2
BRDA:28,1,1,2
BRF:4
BRH:3
end_of_record
TN:
SF:packages\browser\src\utils\htmlTreeAsString.ts
FN:4,htmlTreeAsString
FN:30,htmlElementAsString
FN:38,(anonymous_2)
FN:39,(anonymous_3)
FN:42,(anonymous_4)
FN:53,(anonymous_5)
FNF:6
FNH:0
FNDA:0,htmlTreeAsString
FNDA:0,htmlElementAsString
FNDA:0,(anonymous_2)
FNDA:0,(anonymous_3)
FNDA:0,(anonymous_4)
FNDA:0,(anonymous_5)
DA:2,2
DA:3,2
DA:5,0
DA:6,0
DA:7,0
DA:8,0
DA:9,0
DA:10,0
DA:11,0
DA:12,0
DA:13,0
DA:14,0
DA:15,0
DA:16,0
DA:17,0
DA:19,0
DA:20,0
DA:21,0
DA:23,0
DA:26,0
DA:29,2
DA:31,0
DA:32,0
DA:33,0
DA:35,0
DA:36,0
DA:38,0
DA:39,0
DA:41,0
DA:42,0
DA:43,0
DA:47,0
DA:48,0
DA:50,0
DA:51,0
DA:52,0
DA:53,0
DA:56,0
LF:38
LH:3
BRDA:14,0,0,0
BRDA:14,0,1,0
BRDA:16,1,0,0
BRDA:16,1,1,0
BRDA:16,2,0,0
BRDA:16,2,1,0
BRDA:16,2,2,0
BRDA:30,3,0,0
BRDA:32,4,0,0
BRDA:32,4,1,0
BRDA:32,5,0,0
BRDA:32,5,1,0
BRDA:36,6,0,0
BRDA:36,6,1,0
BRDA:36,7,0,0
BRDA:36,7,1,0
BRDA:41,8,0,0
BRDA:41,8,1,0
BRDA:41,9,0,0
BRDA:41,9,1,0
BRDA:47,10,0,0
BRDA:47,10,1,0
BRDA:51,11,0,0
BRDA:51,11,1,0
BRF:24
BRH:0
end_of_record
TN:
SF:packages\browser\src\utils\http.ts
FN:2,(anonymous_0)
FN:3,adopt
FN:3,(anonymous_2)
FN:4,(anonymous_3)
FN:5,fulfilled
FN:6,rejected
FN:7,step
FN:20,proxyHttpRequest
FN:32,(anonymous_8)
FN:33,(anonymous_9)
FN:40,(anonymous_10)
FN:47,(anonymous_11)
FN:48,(anonymous_12)
FN:60,(anonymous_13)
FN:61,(anonymous_14)
FN:73,proxyFetch
FN:81,(anonymous_16)
FN:82,(anonymous_17)
FN:91,(anonymous_18)
FN:91,(anonymous_19)
FN:96,(anonymous_20)
FN:105,getFetchMethod
FN:115,getFetchUrl
FNF:23
FNH:0
FNDA:0,(anonymous_0)
FNDA:0,adopt
FNDA:0,(anonymous_2)
FNDA:0,(anonymous_3)
FNDA:0,fulfilled
FNDA:0,rejected
FNDA:0,step
FNDA:0,proxyHttpRequest
FNDA:0,(anonymous_8)
FNDA:0,(anonymous_9)
FNDA:0,(anonymous_10)
FNDA:0,(anonymous_11)
FNDA:0,(anonymous_12)
FNDA:0,(anonymous_13)
FNDA:0,(anonymous_14)
FNDA:0,proxyFetch
FNDA:0,(anonymous_16)
FNDA:0,(anonymous_17)
FNDA:0,(anonymous_18)
FNDA:0,(anonymous_19)
FNDA:0,(anonymous_20)
FNDA:0,getFetchMethod
FNDA:0,getFetchUrl
DA:2,2
DA:3,0
DA:4,0
DA:5,0
DA:6,0
DA:7,0
DA:8,0
DA:11,2
DA:12,2
DA:14,2
DA:15,2
DA:16,2
DA:21,0
DA:22,0
DA:24,0
DA:25,0
DA:26,0
DA:28,0
DA:32,0
DA:33,0
DA:37,0
DA:38,0
DA:39,0
DA:40,0
DA:41,0
DA:42,0
DA:46,0
DA:47,0
DA:48,0
DA:49,0
DA:50,0
DA:55,0
DA:57,0
DA:60,0
DA:61,0
DA:65,0
DA:66,0
DA:67,0
DA:68,0
DA:72,2
DA:74,0
DA:75,0
DA:77,0
DA:78,0
DA:79,0
DA:81,0
DA:82,0
DA:83,0
DA:91,0
DA:92,0
DA:93,0
DA:94,0
DA:95,0
DA:97,0
DA:98,0
DA:99,0
DA:104,2
DA:106,0
DA:107,0
DA:109,0
DA:110,0
DA:112,0
DA:114,2
DA:116,0
DA:117,0
DA:119,0
DA:120,0
DA:122,0
DA:124,2
LF:69
LH:10
BRDA:2,0,0,2
BRDA:2,0,1,2
BRDA:2,0,2,2
BRDA:3,1,0,0
BRDA:3,1,1,0
BRDA:4,2,0,0
BRDA:4,2,1,0
BRDA:7,3,0,0
BRDA:7,3,1,0
BRDA:8,4,0,0
BRDA:8,4,1,0
BRDA:21,5,0,0
BRDA:21,5,1,0
BRDA:25,6,0,0
BRDA:25,6,1,0
BRDA:46,7,0,0
BRDA:46,7,1,0
BRDA:46,8,0,0
BRDA:46,8,1,0
BRDA:74,9,0,0
BRDA:74,9,1,0
BRDA:78,10,0,0
BRDA:78,10,1,0
BRDA:106,11,0,0
BRDA:106,11,1,0
BRDA:106,12,0,0
BRDA:106,12,1,0
BRDA:106,12,2,0
BRDA:109,13,0,0
BRDA:109,13,1,0
BRDA:109,14,0,0
BRDA:109,14,1,0
BRDA:116,15,0,0
BRDA:116,15,1,0
BRDA:119,16,0,0
BRDA:119,16,1,0
BRDA:119,17,0,0
BRDA:119,17,1,0
BRF:38
BRH:3
end_of_record
TN:
SF:packages\browser\src\utils\index.ts
FN:2,(anonymous_0)
FN:6,(anonymous_1)
FN:9,(anonymous_2)
FN:13,(anonymous_3)
FNF:4
FNH:3
FNDA:24,(anonymous_0)
FNDA:14,(anonymous_1)
FNDA:0,(anonymous_2)
FNDA:14,(anonymous_3)
DA:2,2
DA:3,24
DA:4,24
DA:5,24
DA:6,24
DA:8,24
DA:10,0
DA:11,0
DA:13,2
DA:14,24
DA:16,2
DA:17,2
DA:18,2
DA:19,2
DA:20,2
DA:21,2
DA:22,2
DA:23,2
LF:18
LH:16
BRDA:2,0,0,2
BRDA:2,0,1,2
BRDA:2,0,2,2
BRDA:2,1,0,2
BRDA:2,1,1,0
BRDA:3,2,0,24
BRDA:3,2,1,0
BRDA:5,3,0,24
BRDA:5,3,1,0
BRDA:5,4,0,24
BRDA:5,4,1,24
BRDA:5,5,0,0
BRDA:5,5,1,24
BRDA:5,6,0,24
BRDA:5,6,1,0
BRDA:10,7,0,0
BRDA:10,7,1,0
BRDA:13,8,0,2
BRDA:13,8,1,2
BRDA:13,8,2,2
BRDA:14,9,0,24
BRDA:14,9,1,0
BRDA:14,10,0,24
BRDA:14,10,1,24
BRF:24
BRH:16
end_of_record
TN:
SF:packages\browser\src\utils\onAfterLoad.ts
FN:6,onAfterLoad
FNF:1
FNH:0
FNDA:0,onAfterLoad
DA:2,2
DA:3,2
DA:4,2
DA:5,2
DA:7,0
DA:8,0
DA:10,0
DA:11,0
DA:14,0
DA:17,2
LF:10
LH:5
BRDA:7,0,0,0
BRDA:7,0,1,0
BRDA:10,1,0,0
BRDA:10,1,1,0
BRF:4
BRH:0
end_of_record
TN:
SF:packages\browser\src\utils\page.ts
FN:5,(anonymous_0)
FN:33,(anonymous_1)
FNF:2
FNH:0
FNDA:0,(anonymous_0)
FNDA:0,(anonymous_1)
DA:2,2
DA:3,2
DA:4,2
DA:5,2
DA:6,0
DA:7,0
DA:9,0
DA:10,0
DA:11,0
DA:12,0
DA:31,2
DA:33,2
DA:34,0
DA:35,0
DA:36,0
DA:37,0
DA:39,0
DA:44,2
LF:18
LH:7
BRDA:6,0,0,0
BRDA:6,0,1,0
BRDA:26,1,0,0
BRDA:26,1,1,0
BRDA:27,2,0,0
BRDA:27,2,1,0
BRDA:36,3,0,0
BRDA:36,3,1,0
BRF:8
BRH:0
end_of_record
TN:
SF:packages\core\src\breadcrumb.ts
FN:6,makeBreadcrumbs
FN:12,addBreadcrumb
FN:18,getStack
FN:26,initBreadcrumbs
FNF:4
FNH:0
FNDA:0,makeBreadcrumbs
FNDA:0,addBreadcrumb
FNDA:0,getStack
FNDA:0,initBreadcrumbs
DA:2,4
DA:3,4
DA:4,4
DA:5,4
DA:7,0
DA:8,0
DA:9,0
DA:10,0
DA:13,0
DA:14,0
DA:16,0
DA:19,0
DA:21,0
DA:27,0
DA:28,0
DA:30,4
LF:16
LH:5
BRDA:8,0,0,0
BRDA:8,0,1,0
BRDA:9,1,0,0
BRDA:9,1,1,0
BRDA:13,2,0,0
BRDA:13,2,1,0
BRF:6
BRH:0
end_of_record
TN:
SF:packages\core\src\error.ts
FN:5,(anonymous_0)
FN:8,(anonymous_1)
FNF:2
FNH:2
FNDA:1,(anonymous_0)
FNDA:5,(anonymous_1)
DA:2,4
DA:3,4
DA:6,1
DA:9,5
DA:10,5
DA:11,0
DA:12,5
DA:13,133
DA:14,133
DA:15,133
DA:17,5
DA:20,4
LF:12
LH:11
BRDA:10,0,0,0
BRDA:10,0,1,5
BRF:2
BRH:1
end_of_record
TN:
SF:packages\core\src\index.ts
FN:2,(anonymous_0)
FN:6,(anonymous_1)
FN:9,(anonymous_2)
FN:13,(anonymous_3)
FNF:4
FNH:3
FNDA:20,(anonymous_0)
FNDA:5,(anonymous_1)
FNDA:0,(anonymous_2)
FNDA:16,(anonymous_3)
DA:2,4
DA:3,20
DA:4,20
DA:5,20
DA:6,20
DA:8,20
DA:10,0
DA:11,0
DA:13,4
DA:14,20
DA:16,4
DA:17,4
DA:18,4
DA:19,4
DA:20,4
LF:15
LH:13
BRDA:2,0,0,4
BRDA:2,0,1,4
BRDA:2,0,2,4
BRDA:2,1,0,4
BRDA:2,1,1,0
BRDA:3,2,0,20
BRDA:3,2,1,0
BRDA:5,3,0,20
BRDA:5,3,1,0
BRDA:5,4,0,20
BRDA:5,4,1,20
BRDA:5,5,0,0
BRDA:5,5,1,20
BRDA:5,6,0,20
BRDA:5,6,1,0
BRDA:10,7,0,0
BRDA:10,7,1,0
BRDA:13,8,0,4
BRDA:13,8,1,4
BRDA:13,8,2,4
BRDA:14,9,0,20
BRDA:14,9,1,0
BRDA:14,10,0,20
BRDA:14,10,1,20
BRF:24
BRH:16
end_of_record
TN:
SF:packages\core\src\sdk.ts
FN:2,(anonymous_0)
FN:3,adopt
FN:3,(anonymous_2)
FN:4,(anonymous_3)
FN:5,fulfilled
FN:6,rejected
FN:7,step
FN:16,(anonymous_7)
FN:32,(anonymous_8)
FN:45,(anonymous_9)
FN:48,(anonymous_10)
FN:51,(anonymous_11)
FN:64,(anonymous_12)
FN:65,(anonymous_13)
FN:77,ensureBeforeRv
FN:79,(anonymous_15)
FN:84,(anonymous_16)
FNF:17
FNH:0
FNDA:0,(anonymous_0)
FNDA:0,adopt
FNDA:0,(anonymous_2)
FNDA:0,(anonymous_3)
FNDA:0,fulfilled
FNDA:0,rejected
FNDA:0,step
FNDA:0,(anonymous_7)
FNDA:0,(anonymous_8)
FNDA:0,(anonymous_9)
FNDA:0,(anonymous_10)
FNDA:0,(anonymous_11)
FNDA:0,(anonymous_12)
FNDA:0,(anonymous_13)
FNDA:0,ensureBeforeRv
FNDA:0,(anonymous_15)
FNDA:0,(anonymous_16)
DA:2,4
DA:3,0
DA:4,0
DA:5,0
DA:6,0
DA:7,0
DA:8,0
DA:11,4
DA:12,4
DA:13,4
DA:14,4
DA:17,0
DA:18,0
DA:19,0
DA:20,0
DA:22,0
DA:23,0
DA:25,0
DA:26,0
DA:27,0
DA:28,0
DA:29,0
DA:30,0
DA:33,0
DA:34,0
DA:35,0
DA:36,0
DA:37,0
DA:41,0
DA:46,0
DA:52,0
DA:53,0
DA:55,0
DA:62,0
DA:65,0
DA:66,0
DA:67,0
DA:68,0
DA:69,0
DA:70,0
DA:72,0
DA:76,4
DA:78,0
DA:79,0
DA:80,0
DA:81,0
DA:83,0
DA:85,0
DA:88,0
DA:89,0
DA:91,0
LF:51
LH:6
BRDA:2,0,0,4
BRDA:2,0,1,4
BRDA:2,0,2,4
BRDA:3,1,0,0
BRDA:3,1,1,0
BRDA:4,2,0,0
BRDA:4,2,1,0
BRDA:7,3,0,0
BRDA:7,3,1,0
BRDA:8,4,0,0
BRDA:8,4,1,0
BRDA:19,5,0,0
BRDA:19,5,1,0
BRDA:22,6,0,0
BRDA:22,6,1,0
BRDA:27,7,0,0
BRDA:27,7,1,0
BRDA:35,8,0,0
BRDA:35,8,1,0
BRDA:35,9,0,0
BRDA:35,9,1,0
BRDA:52,10,0,0
BRDA:52,10,1,0
BRDA:68,11,0,0
BRDA:68,11,1,0
BRDA:68,12,0,0
BRDA:68,12,1,0
BRDA:78,13,0,0
BRDA:78,13,1,0
BRDA:80,14,0,0
BRDA:80,14,1,0
BRDA:80,15,0,0
BRDA:80,15,1,0
BRDA:88,16,0,0
BRDA:88,16,1,0
BRDA:88,17,0,0
BRDA:88,17,1,0
BRF:37
BRH:3
end_of_record
TN:
SF:packages\core\src\sender.ts
FN:6,createrSender
FN:10,(anonymous_1)
FN:14,(anonymous_2)
FN:20,(anonymous_3)
FN:26,(anonymous_4)
FN:40,(anonymous_5)
FN:40,(anonymous_6)
FN:49,(anonymous_7)
FNF:8
FNH:4
FNDA:2,createrSender
FNDA:2,(anonymous_1)
FNDA:2,(anonymous_2)
FNDA:0,(anonymous_3)
FNDA:0,(anonymous_4)
FNDA:2,(anonymous_5)
FNDA:0,(anonymous_6)
FNDA:0,(anonymous_7)
DA:2,4
DA:3,4
DA:4,4
DA:5,4
DA:9,2
DA:10,2
DA:11,2
DA:14,2
DA:15,2
DA:16,2
DA:17,2
DA:18,2
DA:19,2
DA:20,0
DA:21,0
DA:22,0
DA:24,0
DA:25,0
DA:27,0
DA:30,2
DA:31,0
DA:33,2
DA:36,2
DA:38,2
DA:40,2
DA:41,0
DA:42,0
DA:45,0
DA:49,2
DA:50,2
DA:55,4
LF:31
LH:21
BRDA:9,0,0,2
BRDA:9,0,1,0
BRDA:9,1,0,0
BRDA:9,1,1,2
BRDA:9,2,0,2
BRDA:9,2,1,2
BRDA:15,3,0,2
BRDA:15,3,1,0
BRDA:17,4,0,2
BRDA:17,4,1,0
BRDA:17,5,0,2
BRDA:17,5,1,2
BRDA:19,6,0,0
BRDA:19,6,1,2
BRDA:21,7,0,0
BRDA:21,7,1,0
BRDA:21,8,0,0
BRDA:21,8,1,0
BRDA:30,9,0,0
BRDA:30,9,1,2
BRDA:30,10,0,2
BRDA:30,10,1,2
BRDA:41,11,0,0
BRDA:41,11,1,0
BRF:24
BRH:12
end_of_record
TN:
SF:packages\core\src\subscribe.ts
FN:7,addEventHandler
FN:19,triggerHandlers
FNF:2
FNH:2
FNDA:1,addEventHandler
FNDA:1,triggerHandlers
DA:2,4
DA:3,4
DA:5,4
DA:6,4
DA:8,1
DA:9,1
DA:10,0
DA:12,1
DA:13,0
DA:15,1
DA:16,1
DA:18,4
DA:20,1
DA:21,0
DA:23,1
DA:24,1
DA:25,1
DA:28,0
DA:32,4
LF:19
LH:15
BRDA:8,0,0,1
BRDA:8,0,1,1
BRDA:9,1,0,0
BRDA:9,1,1,1
BRDA:12,2,0,0
BRDA:12,2,1,1
BRDA:20,3,0,0
BRDA:20,3,1,1
BRDA:20,4,0,1
BRDA:20,4,1,1
BRDA:23,5,0,1
BRDA:23,5,1,0
BRF:12
BRH:8
end_of_record
TN:
SF:packages\utils\src\error.ts
FN:5,(anonymous_0)
FNF:1
FNH:0
FNDA:0,(anonymous_0)
DA:2,5
DA:3,5
DA:6,0
DA:7,0
DA:8,0
DA:9,0
DA:12,5
LF:7
LH:3
BRF:0
BRH:0
end_of_record
TN:
SF:packages\utils\src\global.ts
FN:5,getGlobalObject
FN:13,getGlobalSingleton
FNF:2
FNH:2
FNDA:18,getGlobalObject
FNDA:5,getGlobalSingleton
DA:2,5
DA:3,5
DA:4,5
DA:6,18
DA:12,5
DA:16,5
DA:17,5
DA:18,5
DA:19,5
DA:21,5
LF:10
LH:10
BRDA:6,0,0,18
BRDA:6,0,1,0
BRDA:8,1,0,0
BRDA:8,1,1,0
BRDA:17,2,0,5
BRDA:17,2,1,5
BRDA:18,3,0,5
BRDA:18,3,1,5
BRF:8
BRH:5
end_of_record
TN:
SF:packages\utils\src\helper.ts
FN:6,getTimestamp
FN:11,typeofAny
FN:15,toStringAny
FN:19,validateOption
FN:26,toStringValidateOption
FN:33,generateUUID
FN:35,(anonymous_6)
FN:44,(anonymous_7)
FN:46,(anonymous_8)
FN:53,(anonymous_9)
FNF:10
FNH:3
FNDA:0,getTimestamp
FNDA:0,typeofAny
FNDA:0,toStringAny
FNDA:0,validateOption
FNDA:0,toStringValidateOption
FNDA:0,generateUUID
FNDA:0,(anonymous_6)
FNDA:1,(anonymous_7)
FNDA:1,(anonymous_8)
FNDA:1,(anonymous_9)
DA:2,5
DA:3,5
DA:5,5
DA:7,0
DA:9,5
DA:10,5
DA:12,0
DA:14,5
DA:16,0
DA:18,5
DA:20,0
DA:21,0
DA:22,0
DA:23,0
DA:25,5
DA:27,0
DA:28,0
DA:29,0
DA:30,0
DA:32,5
DA:34,0
DA:35,0
DA:36,0
DA:37,0
DA:38,0
DA:40,0
DA:42,5
DA:44,5
DA:45,1
DA:46,1
DA:47,1
DA:48,0
DA:51,1
DA:52,1
DA:53,1
DA:54,1
DA:58,5
LF:37
LH:19
BRDA:20,0,0,0
BRDA:20,0,1,0
BRDA:22,1,0,0
BRDA:22,1,1,0
BRDA:27,2,0,0
BRDA:27,2,1,0
BRDA:29,3,0,0
BRDA:29,3,1,0
BRDA:38,4,0,0
BRDA:38,4,1,0
BRDA:47,5,0,0
BRDA:47,5,1,1
BRF:12
BRH:1
end_of_record
TN:
SF:packages\utils\src\index.ts
FN:2,(anonymous_0)
FN:6,(anonymous_1)
FN:9,(anonymous_2)
FN:13,(anonymous_3)
FNF:4
FNH:3
FNDA:120,(anonymous_0)
FNDA:22,(anonymous_1)
FNDA:0,(anonymous_2)
FNDA:50,(anonymous_3)
DA:2,5
DA:3,120
DA:4,120
DA:5,120
DA:6,120
DA:8,120
DA:10,0
DA:11,0
DA:13,5
DA:14,130
DA:16,5
DA:17,5
DA:18,5
DA:19,5
DA:20,5
DA:21,5
DA:22,5
DA:23,5
DA:24,5
DA:25,5
DA:26,5
LF:21
LH:19
BRDA:2,0,0,5
BRDA:2,0,1,5
BRDA:2,0,2,5
BRDA:2,1,0,5
BRDA:2,1,1,0
BRDA:3,2,0,120
BRDA:3,2,1,0
BRDA:5,3,0,120
BRDA:5,3,1,0
BRDA:5,4,0,120
BRDA:5,4,1,120
BRDA:5,5,0,0
BRDA:5,5,1,120
BRDA:5,6,0,120
BRDA:5,6,1,0
BRDA:10,7,0,0
BRDA:10,7,1,0
BRDA:13,8,0,5
BRDA:13,8,1,5
BRDA:13,8,2,5
BRDA:14,9,0,120
BRDA:14,9,1,10
BRDA:14,10,0,130
BRDA:14,10,1,130
BRF:24
BRH:17
end_of_record
TN:
SF:packages\utils\src\is.ts
FN:5,isInstanceOf
FN:14,isFunction
FN:18,isThenable
FN:22,isPlainObject
FN:27,isBuiltin
FNF:5
FNH:4
FNDA:0,isInstanceOf
FNDA:6,isFunction
FNDA:2,isThenable
FNDA:2,isPlainObject
FNDA:2,isBuiltin
DA:2,5
DA:3,5
DA:6,0
DA:7,0
DA:10,0
DA:13,5
DA:15,6
DA:17,5
DA:19,2
DA:21,5
DA:23,2
DA:25,5
DA:26,5
DA:28,2
LF:14
LH:11
BRDA:19,0,0,2
BRDA:19,0,1,2
BRDA:19,0,2,0
BRF:3
BRH:2
end_of_record
TN:
SF:packages\utils\src\logger.ts
FN:9,makeLogger
FN:12,(anonymous_1)
FN:15,(anonymous_2)
FN:20,(anonymous_3)
FN:21,(anonymous_4)
FN:29,(anonymous_5)
FN:30,(anonymous_6)
FNF:7
FNH:2
FNDA:5,makeLogger
FNDA:0,(anonymous_1)
FNDA:0,(anonymous_2)
FNDA:20,(anonymous_3)
FNDA:0,(anonymous_4)
FNDA:0,(anonymous_5)
FNDA:0,(anonymous_6)
DA:2,5
DA:3,5
DA:4,5
DA:5,5
DA:6,5
DA:8,5
DA:10,5
DA:11,5
DA:13,0
DA:16,0
DA:19,5
DA:20,5
DA:21,20
DA:22,0
DA:23,0
DA:29,0
DA:30,0
DA:33,5
DA:35,5
DA:36,5
LF:20
LH:14
BRDA:19,0,0,5
BRDA:19,0,1,0
BRDA:22,1,0,0
BRDA:22,1,1,0
BRF:4
BRH:1
end_of_record
TN:
SF:packages\utils\src\object.ts
FN:6,markFunctionWrapped
FN:11,fill
FN:27,getFunctionName
FNF:3
FNH:2
FNDA:4,markFunctionWrapped
FNDA:4,fill
FNDA:0,getFunctionName
DA:2,5
DA:3,5
DA:5,5
DA:7,4
DA:8,4
DA:10,5
DA:12,4
DA:13,0
DA:15,4
DA:16,4
DA:17,4
DA:18,4
DA:19,4
DA:23,4
DA:25,5
DA:26,5
DA:28,0
DA:29,0
DA:30,0
DA:32,0
DA:35,0
DA:38,5
LF:22
LH:16
BRDA:7,0,0,4
BRDA:7,0,1,4
BRDA:12,1,0,0
BRDA:12,1,1,4
BRDA:17,2,0,4
BRDA:17,2,1,0
BRDA:29,3,0,0
BRDA:29,3,1,0
BRDA:29,4,0,0
BRDA:29,4,1,0
BRDA:32,5,0,0
BRDA:32,5,1,0
BRF:12
BRH:4
end_of_record
TN:
SF:packages\utils\src\promiseBuffer.ts
FN:5,makePromiseBuffer
FN:7,isReady
FN:10,remove
FN:13,add
FN:22,(anonymous_4)
FN:23,(anonymous_5)
FN:25,(anonymous_6)
FN:29,drain
FN:30,(anonymous_8)
FN:35,(anonymous_9)
FN:40,(anonymous_10)
FN:41,(anonymous_11)
FNF:12
FNH:5
FNDA:2,makePromiseBuffer
FNDA:2,isReady
FNDA:2,remove
FNDA:2,add
FNDA:2,(anonymous_4)
FNDA:0,(anonymous_5)
FNDA:0,(anonymous_6)
FNDA:0,drain
FNDA:0,(anonymous_8)
FNDA:0,(anonymous_9)
FNDA:0,(anonymous_10)
FNDA:0,(anonymous_11)
DA:2,5
DA:3,5
DA:4,5
DA:6,2
DA:8,2
DA:11,2
DA:14,2
DA:15,2
DA:16,0
DA:18,2
DA:19,0
DA:21,2
DA:22,2
DA:25,0
DA:27,2
DA:30,0
DA:31,0
DA:32,0
DA:33,0
DA:35,0
DA:36,0
DA:37,0
DA:40,0
DA:41,0
DA:42,0
DA:43,0
DA:44,0
DA:50,2
DA:56,5
LF:29
LH:14
BRDA:8,0,0,2
BRDA:8,0,1,2
BRDA:15,1,0,0
BRDA:15,1,1,2
BRDA:18,2,0,0
BRDA:18,2,1,2
BRDA:32,3,0,0
BRDA:32,3,1,0
BRDA:36,4,0,0
BRDA:36,4,1,0
BRDA:36,5,0,0
BRDA:36,5,1,0
BRDA:42,6,0,0
BRDA:42,6,1,0
BRF:14
BRH:4
end_of_record
TN:
SF:packages\utils\src\stacktrace.ts
FN:5,createStackParser
FN:6,stackParser
FN:20,stackParserFromStackParserOptions
FN:24,stripSentryFramesAndReverse
FN:31,(anonymous_4)
FNF:5
FNH:5
FNDA:1,createStackParser
FNDA:3,stackParser
FNDA:1,stackParserFromStackParserOptions
FNDA:3,stripSentryFramesAndReverse
FNDA:15,(anonymous_4)
DA:2,5
DA:3,5
DA:4,5
DA:6,1
DA:7,3
DA:8,3
DA:9,15
DA:10,15
DA:11,15
DA:12,15
DA:16,3
DA:19,5
DA:21,1
DA:23,5
DA:25,3
DA:26,0
DA:28,3
DA:29,3
DA:31,15
LF:19
LH:18
BRDA:6,0,0,0
BRDA:6,1,0,3
BRDA:11,2,0,15
BRDA:11,2,1,0
BRDA:25,3,0,0
BRDA:25,3,1,3
BRDA:31,4,0,15
BRDA:31,4,1,3
BRDA:31,5,0,15
BRDA:31,5,1,6
BRF:10
BRH:7
end_of_record
TN:
SF:packages\utils\src\supports.ts
FN:5,supportsFetch
FNF:1
FNH:0
FNDA:0,supportsFetch
DA:2,5
DA:3,5
DA:4,5
DA:6,0
DA:7,0
DA:9,0
DA:10,0
DA:11,0
DA:12,0
DA:13,0
DA:16,0
DA:19,5
LF:12
LH:4
BRDA:6,0,0,0
BRDA:6,0,1,0
BRF:2
BRH:0
end_of_record
